{"C:\\Users\\ruane\\OneDrive\\Documents\\ReturnZero\\AI-Powered-African-Wildlife-Detection\\frontend\\src\\App.js": {"path":"C:\\Users\\ruane\\OneDrive\\Documents\\ReturnZero\\AI-Powered-African-Wildlife-Detection\\frontend\\src\\App.js","statementMap":{"0":{"start":{"line":16,"column":2},"end":{"line":63,"column":4}}},"fnMap":{"0":{"name":"App","decl":{"start":{"line":15,"column":9},"end":{"line":15,"column":12}},"loc":{"start":{"line":15,"column":15},"end":{"line":64,"column":1}},"line":15}},"branchMap":{},"s":{"0":0},"f":{"0":0},"b":{}}
,"C:\\Users\\ruane\\OneDrive\\Documents\\ReturnZero\\AI-Powered-African-Wildlife-Detection\\frontend\\src\\index.js": {"path":"C:\\Users\\ruane\\OneDrive\\Documents\\ReturnZero\\AI-Powered-African-Wildlife-Detection\\frontend\\src\\index.js","statementMap":{"0":{"start":{"line":8,"column":13},"end":{"line":8,"column":65}},"1":{"start":{"line":9,"column":0},"end":{"line":13,"column":2}},"2":{"start":{"line":18,"column":0},"end":{"line":18,"column":18}}},"fnMap":{},"branchMap":{},"s":{"0":0,"1":0,"2":0},"f":{},"b":{}}
,"C:\\Users\\ruane\\OneDrive\\Documents\\ReturnZero\\AI-Powered-African-Wildlife-Detection\\frontend\\src\\reportWebVitals.js": {"path":"C:\\Users\\ruane\\OneDrive\\Documents\\ReturnZero\\AI-Powered-African-Wildlife-Detection\\frontend\\src\\reportWebVitals.js","statementMap":{"0":{"start":{"line":1,"column":24},"end":{"line":11,"column":1}},"1":{"start":{"line":2,"column":2},"end":{"line":10,"column":3}},"2":{"start":{"line":3,"column":4},"end":{"line":9,"column":7}},"3":{"start":{"line":4,"column":6},"end":{"line":4,"column":26}},"4":{"start":{"line":5,"column":6},"end":{"line":5,"column":26}},"5":{"start":{"line":6,"column":6},"end":{"line":6,"column":26}},"6":{"start":{"line":7,"column":6},"end":{"line":7,"column":26}},"7":{"start":{"line":8,"column":6},"end":{"line":8,"column":27}}},"fnMap":{"0":{"name":"(anonymous_0)","decl":{"start":{"line":1,"column":24},"end":{"line":1,"column":25}},"loc":{"start":{"line":1,"column":39},"end":{"line":11,"column":1}},"line":1},"1":{"name":"(anonymous_1)","decl":{"start":{"line":3,"column":30},"end":{"line":3,"column":31}},"loc":{"start":{"line":3,"column":79},"end":{"line":9,"column":5}},"line":3}},"branchMap":{"0":{"loc":{"start":{"line":2,"column":2},"end":{"line":10,"column":3}},"type":"if","locations":[{"start":{"line":2,"column":2},"end":{"line":10,"column":3}},{"start":{},"end":{}}],"line":2},"1":{"loc":{"start":{"line":2,"column":6},"end":{"line":2,"column":52}},"type":"binary-expr","locations":[{"start":{"line":2,"column":6},"end":{"line":2,"column":17}},{"start":{"line":2,"column":21},"end":{"line":2,"column":52}}],"line":2}},"s":{"0":0,"1":0,"2":0,"3":0,"4":0,"5":0,"6":0,"7":0},"f":{"0":0,"1":0},"b":{"0":[0,0],"1":[0,0]}}
,"C:\\Users\\ruane\\OneDrive\\Documents\\ReturnZero\\AI-Powered-African-Wildlife-Detection\\frontend\\src\\components\\AchievementsCard.jsx": {"path":"C:\\Users\\ruane\\OneDrive\\Documents\\ReturnZero\\AI-Powered-African-Wildlife-Detection\\frontend\\src\\components\\AchievementsCard.jsx","statementMap":{"0":{"start":{"line":8,"column":21},"end":{"line":41,"column":1}},"1":{"start":{"line":43,"column":25},"end":{"line":83,"column":1}},"2":{"start":{"line":44,"column":2},"end":{"line":82,"column":4}},"3":{"start":{"line":52,"column":10},"end":{"line":70,"column":16}},"4":{"start":{"line":75,"column":23},"end":{"line":75,"column":61}}},"fnMap":{"0":{"name":"(anonymous_0)","decl":{"start":{"line":43,"column":25},"end":{"line":43,"column":26}},"loc":{"start":{"line":43,"column":31},"end":{"line":83,"column":1}},"line":43},"1":{"name":"(anonymous_1)","decl":{"start":{"line":51,"column":26},"end":{"line":51,"column":27}},"loc":{"start":{"line":52,"column":10},"end":{"line":70,"column":16}},"line":52},"2":{"name":"(anonymous_2)","decl":{"start":{"line":75,"column":17},"end":{"line":75,"column":18}},"loc":{"start":{"line":75,"column":23},"end":{"line":75,"column":61}},"line":75}},"branchMap":{"0":{"loc":{"start":{"line":63,"column":23},"end":{"line":66,"column":32}},"type":"cond-expr","locations":[{"start":{"line":63,"column":50},"end":{"line":63,"column":59}},{"start":{"line":64,"column":23},"end":{"line":66,"column":32}}],"line":63},"1":{"loc":{"start":{"line":64,"column":23},"end":{"line":66,"column":32}},"type":"cond-expr","locations":[{"start":{"line":64,"column":45},"end":{"line":64,"column":54}},{"start":{"line":65,"column":23},"end":{"line":66,"column":32}}],"line":64},"2":{"loc":{"start":{"line":65,"column":23},"end":{"line":66,"column":32}},"type":"cond-expr","locations":[{"start":{"line":65,"column":49},"end":{"line":65,"column":58}},{"start":{"line":66,"column":23},"end":{"line":66,"column":32}}],"line":65}},"s":{"0":0,"1":0,"2":0,"3":0,"4":0},"f":{"0":0,"1":0,"2":0},"b":{"0":[0,0],"1":[0,0],"2":[0,0]}}
,"C:\\Users\\ruane\\OneDrive\\Documents\\ReturnZero\\AI-Powered-African-Wildlife-Detection\\frontend\\src\\components\\ActivityStatsCard.jsx": {"path":"C:\\Users\\ruane\\OneDrive\\Documents\\ReturnZero\\AI-Powered-African-Wildlife-Detection\\frontend\\src\\components\\ActivityStatsCard.jsx","statementMap":{"0":{"start":{"line":4,"column":26},"end":{"line":26,"column":1}},"1":{"start":{"line":5,"column":2},"end":{"line":25,"column":4}}},"fnMap":{"0":{"name":"(anonymous_0)","decl":{"start":{"line":4,"column":26},"end":{"line":4,"column":27}},"loc":{"start":{"line":4,"column":32},"end":{"line":26,"column":1}},"line":4}},"branchMap":{},"s":{"0":0,"1":0},"f":{"0":0},"b":{}}
,"C:\\Users\\ruane\\OneDrive\\Documents\\ReturnZero\\AI-Powered-African-Wildlife-Detection\\frontend\\src\\components\\FeedCard.jsx": {"path":"C:\\Users\\ruane\\OneDrive\\Documents\\ReturnZero\\AI-Powered-African-Wildlife-Detection\\frontend\\src\\components\\FeedCard.jsx","statementMap":{"0":{"start":{"line":4,"column":17},"end":{"line":27,"column":1}},"1":{"start":{"line":5,"column":2},"end":{"line":26,"column":4}}},"fnMap":{"0":{"name":"(anonymous_0)","decl":{"start":{"line":4,"column":17},"end":{"line":4,"column":18}},"loc":{"start":{"line":4,"column":32},"end":{"line":27,"column":1}},"line":4}},"branchMap":{},"s":{"0":0,"1":0},"f":{"0":0},"b":{}}
,"C:\\Users\\ruane\\OneDrive\\Documents\\ReturnZero\\AI-Powered-African-Wildlife-Detection\\frontend\\src\\components\\FeedFilters.jsx": {"path":"C:\\Users\\ruane\\OneDrive\\Documents\\ReturnZero\\AI-Powered-African-Wildlife-Detection\\frontend\\src\\components\\FeedFilters.jsx","statementMap":{"0":{"start":{"line":9,"column":20},"end":{"line":75,"column":1}},"1":{"start":{"line":10,"column":24},"end":{"line":10,"column":69}},"2":{"start":{"line":11,"column":46},"end":{"line":11,"column":65}},"3":{"start":{"line":12,"column":46},"end":{"line":12,"column":61}},"4":{"start":{"line":13,"column":46},"end":{"line":13,"column":61}},"5":{"start":{"line":15,"column":24},"end":{"line":22,"column":3}},"6":{"start":{"line":24,"column":2},"end":{"line":74,"column":4}},"7":{"start":{"line":32,"column":16},"end":{"line":32,"column":50}},"8":{"start":{"line":33,"column":16},"end":{"line":33,"column":41}},"9":{"start":{"line":36,"column":29},"end":{"line":36,"column":52}},"10":{"start":{"line":37,"column":28},"end":{"line":37,"column":52}},"11":{"start":{"line":40,"column":16},"end":{"line":42,"column":25}},"12":{"start":{"line":53,"column":12},"end":{"line":69,"column":21}},"13":{"start":{"line":56,"column":29},"end":{"line":56,"column":59}}},"fnMap":{"0":{"name":"(anonymous_0)","decl":{"start":{"line":9,"column":20},"end":{"line":9,"column":21}},"loc":{"start":{"line":9,"column":26},"end":{"line":75,"column":1}},"line":9},"1":{"name":"(anonymous_1)","decl":{"start":{"line":31,"column":24},"end":{"line":31,"column":25}},"loc":{"start":{"line":31,"column":31},"end":{"line":34,"column":15}},"line":31},"2":{"name":"(anonymous_2)","decl":{"start":{"line":36,"column":23},"end":{"line":36,"column":24}},"loc":{"start":{"line":36,"column":29},"end":{"line":36,"column":52}},"line":36},"3":{"name":"(anonymous_3)","decl":{"start":{"line":37,"column":22},"end":{"line":37,"column":23}},"loc":{"start":{"line":37,"column":28},"end":{"line":37,"column":52}},"line":37},"4":{"name":"(anonymous_4)","decl":{"start":{"line":39,"column":33},"end":{"line":39,"column":34}},"loc":{"start":{"line":40,"column":16},"end":{"line":42,"column":25}},"line":40},"5":{"name":"(anonymous_5)","decl":{"start":{"line":52,"column":29},"end":{"line":52,"column":30}},"loc":{"start":{"line":53,"column":12},"end":{"line":69,"column":21}},"line":53},"6":{"name":"(anonymous_6)","decl":{"start":{"line":56,"column":23},"end":{"line":56,"column":24}},"loc":{"start":{"line":56,"column":29},"end":{"line":56,"column":59}},"line":56}},"branchMap":{"0":{"loc":{"start":{"line":45,"column":44},"end":{"line":45,"column":74}},"type":"cond-expr","locations":[{"start":{"line":45,"column":61},"end":{"line":45,"column":69}},{"start":{"line":45,"column":72},"end":{"line":45,"column":74}}],"line":45},"1":{"loc":{"start":{"line":55,"column":42},"end":{"line":55,"column":91}},"type":"cond-expr","locations":[{"start":{"line":55,"column":75},"end":{"line":55,"column":83}},{"start":{"line":55,"column":86},"end":{"line":55,"column":91}}],"line":55},"2":{"loc":{"start":{"line":58,"column":33},"end":{"line":58,"column":92}},"type":"cond-expr","locations":[{"start":{"line":58,"column":66},"end":{"line":58,"column":78}},{"start":{"line":58,"column":81},"end":{"line":58,"column":92}}],"line":58},"3":{"loc":{"start":{"line":59,"column":23},"end":{"line":59,"column":78}},"type":"cond-expr","locations":[{"start":{"line":59,"column":56},"end":{"line":59,"column":63}},{"start":{"line":59,"column":66},"end":{"line":59,"column":78}}],"line":59},"4":{"loc":{"start":{"line":63,"column":23},"end":{"line":63,"column":78}},"type":"cond-expr","locations":[{"start":{"line":63,"column":56},"end":{"line":63,"column":63}},{"start":{"line":63,"column":66},"end":{"line":63,"column":78}}],"line":63},"5":{"loc":{"start":{"line":66,"column":25},"end":{"line":66,"column":80}},"type":"cond-expr","locations":[{"start":{"line":66,"column":58},"end":{"line":66,"column":65}},{"start":{"line":66,"column":68},"end":{"line":66,"column":80}}],"line":66}},"s":{"0":0,"1":0,"2":0,"3":0,"4":0,"5":0,"6":0,"7":0,"8":0,"9":0,"10":0,"11":0,"12":0,"13":0},"f":{"0":0,"1":0,"2":0,"3":0,"4":0,"5":0,"6":0},"b":{"0":[0,0],"1":[0,0],"2":[0,0],"3":[0,0],"4":[0,0],"5":[0,0]}}
,"C:\\Users\\ruane\\OneDrive\\Documents\\ReturnZero\\AI-Powered-African-Wildlife-Detection\\frontend\\src\\components\\HelpModal.jsx": {"path":"C:\\Users\\ruane\\OneDrive\\Documents\\ReturnZero\\AI-Powered-African-Wildlife-Detection\\frontend\\src\\components\\HelpModal.jsx","statementMap":{"0":{"start":{"line":5,"column":18},"end":{"line":32,"column":1}},"1":{"start":{"line":6,"column":2},"end":{"line":6,"column":25}},"2":{"start":{"line":6,"column":13},"end":{"line":6,"column":25}},"3":{"start":{"line":8,"column":2},"end":{"line":31,"column":4}},"4":{"start":{"line":10,"column":50},"end":{"line":10,"column":69}},"5":{"start":{"line":17,"column":37},"end":{"line":17,"column":55}},"6":{"start":{"line":23,"column":55},"end":{"line":23,"column":75}},"7":{"start":{"line":25,"column":55},"end":{"line":25,"column":68}},"8":{"start":{"line":27,"column":55},"end":{"line":27,"column":70}}},"fnMap":{"0":{"name":"(anonymous_0)","decl":{"start":{"line":5,"column":18},"end":{"line":5,"column":19}},"loc":{"start":{"line":5,"column":51},"end":{"line":32,"column":1}},"line":5},"1":{"name":"(anonymous_1)","decl":{"start":{"line":10,"column":43},"end":{"line":10,"column":44}},"loc":{"start":{"line":10,"column":50},"end":{"line":10,"column":69}},"line":10},"2":{"name":"(anonymous_2)","decl":{"start":{"line":17,"column":27},"end":{"line":17,"column":28}},"loc":{"start":{"line":17,"column":37},"end":{"line":17,"column":55}},"line":17},"3":{"name":"(anonymous_3)","decl":{"start":{"line":23,"column":49},"end":{"line":23,"column":50}},"loc":{"start":{"line":23,"column":55},"end":{"line":23,"column":75}},"line":23},"4":{"name":"(anonymous_4)","decl":{"start":{"line":25,"column":49},"end":{"line":25,"column":50}},"loc":{"start":{"line":25,"column":55},"end":{"line":25,"column":68}},"line":25},"5":{"name":"(anonymous_5)","decl":{"start":{"line":27,"column":49},"end":{"line":27,"column":50}},"loc":{"start":{"line":27,"column":55},"end":{"line":27,"column":70}},"line":27}},"branchMap":{"0":{"loc":{"start":{"line":6,"column":2},"end":{"line":6,"column":25}},"type":"if","locations":[{"start":{"line":6,"column":2},"end":{"line":6,"column":25}},{"start":{},"end":{}}],"line":6},"1":{"loc":{"start":{"line":16,"column":13},"end":{"line":18,"column":31}},"type":"cond-expr","locations":[{"start":{"line":17,"column":14},"end":{"line":17,"column":56}},{"start":{"line":18,"column":14},"end":{"line":18,"column":31}}],"line":16}},"s":{"0":0,"1":0,"2":0,"3":0,"4":0,"5":0,"6":0,"7":0,"8":0},"f":{"0":0,"1":0,"2":0,"3":0,"4":0,"5":0},"b":{"0":[0,0],"1":[0,0]}}
,"C:\\Users\\ruane\\OneDrive\\Documents\\ReturnZero\\AI-Powered-African-Wildlife-Detection\\frontend\\src\\components\\InstallPrompt.jsx": {"path":"C:\\Users\\ruane\\OneDrive\\Documents\\ReturnZero\\AI-Powered-African-Wildlife-Detection\\frontend\\src\\components\\InstallPrompt.jsx","statementMap":{"0":{"start":{"line":4,"column":22},"end":{"line":53,"column":1}},"1":{"start":{"line":5,"column":48},"end":{"line":5,"column":62}},"2":{"start":{"line":6,"column":54},"end":{"line":6,"column":69}},"3":{"start":{"line":8,"column":4},"end":{"line":20,"column":11}},"4":{"start":{"line":9,"column":42},"end":{"line":13,"column":9}},"5":{"start":{"line":10,"column":12},"end":{"line":10,"column":31}},"6":{"start":{"line":11,"column":12},"end":{"line":11,"column":33}},"7":{"start":{"line":12,"column":12},"end":{"line":12,"column":39}},"8":{"start":{"line":15,"column":8},"end":{"line":15,"column":82}},"9":{"start":{"line":17,"column":8},"end":{"line":19,"column":10}},"10":{"start":{"line":18,"column":12},"end":{"line":18,"column":89}},"11":{"start":{"line":22,"column":31},"end":{"line":30,"column":5}},"12":{"start":{"line":23,"column":8},"end":{"line":29,"column":9}},"13":{"start":{"line":24,"column":12},"end":{"line":24,"column":36}},"14":{"start":{"line":25,"column":12},"end":{"line":28,"column":15}},"15":{"start":{"line":26,"column":16},"end":{"line":26,"column":40}},"16":{"start":{"line":27,"column":16},"end":{"line":27,"column":44}},"17":{"start":{"line":33,"column":4},"end":{"line":41,"column":11}},"18":{"start":{"line":35,"column":12},"end":{"line":36,"column":48}},"19":{"start":{"line":38,"column":8},"end":{"line":40,"column":9}},"20":{"start":{"line":39,"column":12},"end":{"line":39,"column":40}},"21":{"start":{"line":43,"column":4},"end":{"line":43,"column":40}},"22":{"start":{"line":43,"column":28},"end":{"line":43,"column":40}},"23":{"start":{"line":45,"column":4},"end":{"line":52,"column":6}}},"fnMap":{"0":{"name":"(anonymous_0)","decl":{"start":{"line":4,"column":22},"end":{"line":4,"column":23}},"loc":{"start":{"line":4,"column":28},"end":{"line":53,"column":1}},"line":4},"1":{"name":"(anonymous_1)","decl":{"start":{"line":8,"column":14},"end":{"line":8,"column":15}},"loc":{"start":{"line":8,"column":20},"end":{"line":20,"column":5}},"line":8},"2":{"name":"(anonymous_2)","decl":{"start":{"line":9,"column":42},"end":{"line":9,"column":43}},"loc":{"start":{"line":9,"column":49},"end":{"line":13,"column":9}},"line":9},"3":{"name":"(anonymous_3)","decl":{"start":{"line":17,"column":15},"end":{"line":17,"column":16}},"loc":{"start":{"line":17,"column":21},"end":{"line":19,"column":9}},"line":17},"4":{"name":"(anonymous_4)","decl":{"start":{"line":22,"column":31},"end":{"line":22,"column":32}},"loc":{"start":{"line":22,"column":37},"end":{"line":30,"column":5}},"line":22},"5":{"name":"(anonymous_5)","decl":{"start":{"line":25,"column":43},"end":{"line":25,"column":44}},"loc":{"start":{"line":25,"column":61},"end":{"line":28,"column":13}},"line":25},"6":{"name":"(anonymous_6)","decl":{"start":{"line":33,"column":14},"end":{"line":33,"column":15}},"loc":{"start":{"line":33,"column":20},"end":{"line":41,"column":5}},"line":33}},"branchMap":{"0":{"loc":{"start":{"line":23,"column":8},"end":{"line":29,"column":9}},"type":"if","locations":[{"start":{"line":23,"column":8},"end":{"line":29,"column":9}},{"start":{},"end":{}}],"line":23},"1":{"loc":{"start":{"line":35,"column":12},"end":{"line":36,"column":48}},"type":"binary-expr","locations":[{"start":{"line":35,"column":12},"end":{"line":35,"column":67}},{"start":{"line":36,"column":12},"end":{"line":36,"column":48}}],"line":35},"2":{"loc":{"start":{"line":38,"column":8},"end":{"line":40,"column":9}},"type":"if","locations":[{"start":{"line":38,"column":8},"end":{"line":40,"column":9}},{"start":{},"end":{}}],"line":38},"3":{"loc":{"start":{"line":43,"column":4},"end":{"line":43,"column":40}},"type":"if","locations":[{"start":{"line":43,"column":4},"end":{"line":43,"column":40}},{"start":{},"end":{}}],"line":43}},"s":{"0":0,"1":0,"2":0,"3":0,"4":0,"5":0,"6":0,"7":0,"8":0,"9":0,"10":0,"11":0,"12":0,"13":0,"14":0,"15":0,"16":0,"17":0,"18":0,"19":0,"20":0,"21":0,"22":0,"23":0},"f":{"0":0,"1":0,"2":0,"3":0,"4":0,"5":0,"6":0},"b":{"0":[0,0],"1":[0,0],"2":[0,0],"3":[0,0]}}
,"C:\\Users\\ruane\\OneDrive\\Documents\\ReturnZero\\AI-Powered-African-Wildlife-Detection\\frontend\\src\\components\\Layout.jsx": {"path":"C:\\Users\\ruane\\OneDrive\\Documents\\ReturnZero\\AI-Powered-African-Wildlife-Detection\\frontend\\src\\components\\Layout.jsx","statementMap":{"0":{"start":{"line":10,"column":19},"end":{"line":10,"column":32}},"1":{"start":{"line":11,"column":19},"end":{"line":11,"column":32}},"2":{"start":{"line":12,"column":15},"end":{"line":12,"column":32}},"3":{"start":{"line":14,"column":42},"end":{"line":14,"column":57}},"4":{"start":{"line":15,"column":34},"end":{"line":15,"column":49}},"5":{"start":{"line":17,"column":34},"end":{"line":17,"column":49}},"6":{"start":{"line":18,"column":34},"end":{"line":18,"column":46}},"7":{"start":{"line":20,"column":24},"end":{"line":34,"column":3}},"8":{"start":{"line":21,"column":4},"end":{"line":33,"column":5}},"9":{"start":{"line":23,"column":10},"end":{"line":23,"column":29}},"10":{"start":{"line":25,"column":10},"end":{"line":25,"column":28}},"11":{"start":{"line":27,"column":10},"end":{"line":27,"column":33}},"12":{"start":{"line":29,"column":10},"end":{"line":29,"column":34}},"13":{"start":{"line":31,"column":10},"end":{"line":31,"column":30}},"14":{"start":{"line":32,"column":15},"end":{"line":32,"column":34}},"15":{"start":{"line":36,"column":22},"end":{"line":71,"column":3}},"16":{"start":{"line":37,"column":4},"end":{"line":70,"column":5}},"17":{"start":{"line":39,"column":8},"end":{"line":46,"column":10}},"18":{"start":{"line":48,"column":8},"end":{"line":52,"column":10}},"19":{"start":{"line":54,"column":8},"end":{"line":59,"column":10}},"20":{"start":{"line":61,"column":8},"end":{"line":65,"column":10}},"21":{"start":{"line":67,"column":8},"end":{"line":67,"column":101}},"22":{"start":{"line":69,"column":8},"end":{"line":69,"column":39}},"23":{"start":{"line":73,"column":27},"end":{"line":73,"column":54}},"24":{"start":{"line":75,"column":0},"end":{"line":163,"column":4}},"25":{"start":{"line":91,"column":31},"end":{"line":91,"column":52}},"26":{"start":{"line":98,"column":31},"end":{"line":98,"column":51}},"27":{"start":{"line":117,"column":14},"end":{"line":117,"column":41}},"28":{"start":{"line":118,"column":14},"end":{"line":118,"column":32}},"29":{"start":{"line":127,"column":97},"end":{"line":127,"column":114}},"30":{"start":{"line":132,"column":95},"end":{"line":132,"column":111}},"31":{"start":{"line":137,"column":62},"end":{"line":137,"column":82}},"32":{"start":{"line":141,"column":97},"end":{"line":141,"column":114}},"33":{"start":{"line":146,"column":103},"end":{"line":146,"column":123}},"34":{"start":{"line":153,"column":23},"end":{"line":153,"column":45}},"35":{"start":{"line":155,"column":32},"end":{"line":155,"column":54}},"36":{"start":{"line":155,"column":50},"end":{"line":155,"column":53}},"37":{"start":{"line":159,"column":23},"end":{"line":159,"column":41}}},"fnMap":{"0":{"name":"Layout","decl":{"start":{"line":9,"column":9},"end":{"line":9,"column":15}},"loc":{"start":{"line":9,"column":18},"end":{"line":164,"column":1}},"line":9},"1":{"name":"(anonymous_1)","decl":{"start":{"line":20,"column":24},"end":{"line":20,"column":25}},"loc":{"start":{"line":20,"column":30},"end":{"line":34,"column":3}},"line":20},"2":{"name":"(anonymous_2)","decl":{"start":{"line":36,"column":22},"end":{"line":36,"column":23}},"loc":{"start":{"line":36,"column":28},"end":{"line":71,"column":3}},"line":36},"3":{"name":"(anonymous_3)","decl":{"start":{"line":91,"column":25},"end":{"line":91,"column":26}},"loc":{"start":{"line":91,"column":31},"end":{"line":91,"column":52}},"line":91},"4":{"name":"(anonymous_4)","decl":{"start":{"line":98,"column":25},"end":{"line":98,"column":26}},"loc":{"start":{"line":98,"column":31},"end":{"line":98,"column":51}},"line":98},"5":{"name":"(anonymous_5)","decl":{"start":{"line":116,"column":21},"end":{"line":116,"column":22}},"loc":{"start":{"line":116,"column":27},"end":{"line":119,"column":13}},"line":116},"6":{"name":"(anonymous_6)","decl":{"start":{"line":127,"column":91},"end":{"line":127,"column":92}},"loc":{"start":{"line":127,"column":97},"end":{"line":127,"column":114}},"line":127},"7":{"name":"(anonymous_7)","decl":{"start":{"line":132,"column":89},"end":{"line":132,"column":90}},"loc":{"start":{"line":132,"column":95},"end":{"line":132,"column":111}},"line":132},"8":{"name":"(anonymous_8)","decl":{"start":{"line":137,"column":56},"end":{"line":137,"column":57}},"loc":{"start":{"line":137,"column":62},"end":{"line":137,"column":82}},"line":137},"9":{"name":"(anonymous_9)","decl":{"start":{"line":141,"column":91},"end":{"line":141,"column":92}},"loc":{"start":{"line":141,"column":97},"end":{"line":141,"column":114}},"line":141},"10":{"name":"(anonymous_10)","decl":{"start":{"line":146,"column":97},"end":{"line":146,"column":98}},"loc":{"start":{"line":146,"column":103},"end":{"line":146,"column":123}},"line":146},"11":{"name":"(anonymous_11)","decl":{"start":{"line":153,"column":17},"end":{"line":153,"column":18}},"loc":{"start":{"line":153,"column":23},"end":{"line":153,"column":45}},"line":153},"12":{"name":"(anonymous_12)","decl":{"start":{"line":155,"column":26},"end":{"line":155,"column":27}},"loc":{"start":{"line":155,"column":32},"end":{"line":155,"column":54}},"line":155},"13":{"name":"(anonymous_13)","decl":{"start":{"line":155,"column":44},"end":{"line":155,"column":45}},"loc":{"start":{"line":155,"column":50},"end":{"line":155,"column":53}},"line":155},"14":{"name":"(anonymous_14)","decl":{"start":{"line":159,"column":17},"end":{"line":159,"column":18}},"loc":{"start":{"line":159,"column":23},"end":{"line":159,"column":41}},"line":159}},"branchMap":{"0":{"loc":{"start":{"line":21,"column":4},"end":{"line":33,"column":5}},"type":"switch","locations":[{"start":{"line":22,"column":6},"end":{"line":23,"column":29}},{"start":{"line":24,"column":6},"end":{"line":25,"column":28}},{"start":{"line":26,"column":6},"end":{"line":27,"column":33}},{"start":{"line":28,"column":6},"end":{"line":29,"column":34}},{"start":{"line":30,"column":6},"end":{"line":31,"column":30}},{"start":{"line":32,"column":6},"end":{"line":32,"column":34}}],"line":21},"1":{"loc":{"start":{"line":37,"column":4},"end":{"line":70,"column":5}},"type":"switch","locations":[{"start":{"line":38,"column":6},"end":{"line":46,"column":10}},{"start":{"line":47,"column":6},"end":{"line":52,"column":10}},{"start":{"line":53,"column":6},"end":{"line":59,"column":10}},{"start":{"line":60,"column":6},"end":{"line":65,"column":10}},{"start":{"line":66,"column":6},"end":{"line":67,"column":101}},{"start":{"line":68,"column":6},"end":{"line":69,"column":39}}],"line":37},"2":{"loc":{"start":{"line":88,"column":12},"end":{"line":106,"column":13}},"type":"cond-expr","locations":[{"start":{"line":89,"column":14},"end":{"line":94,"column":20}},{"start":{"line":96,"column":14},"end":{"line":105,"column":20}}],"line":88},"3":{"loc":{"start":{"line":127,"column":46},"end":{"line":127,"column":78}},"type":"cond-expr","locations":[{"start":{"line":127,"column":65},"end":{"line":127,"column":73}},{"start":{"line":127,"column":76},"end":{"line":127,"column":78}}],"line":127},"4":{"loc":{"start":{"line":132,"column":45},"end":{"line":132,"column":76}},"type":"cond-expr","locations":[{"start":{"line":132,"column":63},"end":{"line":132,"column":71}},{"start":{"line":132,"column":74},"end":{"line":132,"column":76}}],"line":132},"5":{"loc":{"start":{"line":141,"column":46},"end":{"line":141,"column":78}},"type":"cond-expr","locations":[{"start":{"line":141,"column":65},"end":{"line":141,"column":73}},{"start":{"line":141,"column":76},"end":{"line":141,"column":78}}],"line":141},"6":{"loc":{"start":{"line":146,"column":49},"end":{"line":146,"column":84}},"type":"cond-expr","locations":[{"start":{"line":146,"column":71},"end":{"line":146,"column":79}},{"start":{"line":146,"column":82},"end":{"line":146,"column":84}}],"line":146}},"s":{"0":0,"1":0,"2":0,"3":0,"4":0,"5":0,"6":0,"7":0,"8":0,"9":0,"10":0,"11":0,"12":0,"13":0,"14":0,"15":0,"16":0,"17":0,"18":0,"19":0,"20":0,"21":0,"22":0,"23":0,"24":0,"25":0,"26":0,"27":0,"28":0,"29":0,"30":0,"31":0,"32":0,"33":0,"34":0,"35":0,"36":0,"37":0},"f":{"0":0,"1":0,"2":0,"3":0,"4":0,"5":0,"6":0,"7":0,"8":0,"9":0,"10":0,"11":0,"12":0,"13":0,"14":0},"b":{"0":[0,0,0,0,0,0],"1":[0,0,0,0,0,0],"2":[0,0],"3":[0,0],"4":[0,0],"5":[0,0],"6":[0,0]}}
,"C:\\Users\\ruane\\OneDrive\\Documents\\ReturnZero\\AI-Powered-African-Wildlife-Detection\\frontend\\src\\components\\ProfileHeader.jsx": {"path":"C:\\Users\\ruane\\OneDrive\\Documents\\ReturnZero\\AI-Powered-African-Wildlife-Detection\\frontend\\src\\components\\ProfileHeader.jsx","statementMap":{"0":{"start":{"line":5,"column":22},"end":{"line":47,"column":1}},"1":{"start":{"line":6,"column":2},"end":{"line":46,"column":4}},"2":{"start":{"line":40,"column":25},"end":{"line":40,"column":47}}},"fnMap":{"0":{"name":"(anonymous_0)","decl":{"start":{"line":5,"column":22},"end":{"line":5,"column":23}},"loc":{"start":{"line":5,"column":28},"end":{"line":47,"column":1}},"line":5},"1":{"name":"(anonymous_1)","decl":{"start":{"line":40,"column":19},"end":{"line":40,"column":20}},"loc":{"start":{"line":40,"column":25},"end":{"line":40,"column":47}},"line":40}},"branchMap":{},"s":{"0":0,"1":0,"2":0},"f":{"0":0,"1":0},"b":{}}
,"C:\\Users\\ruane\\OneDrive\\Documents\\ReturnZero\\AI-Powered-African-Wildlife-Detection\\frontend\\src\\components\\ProtectedRoute.jsx": {"path":"C:\\Users\\ruane\\OneDrive\\Documents\\ReturnZero\\AI-Powered-African-Wildlife-Detection\\frontend\\src\\components\\ProtectedRoute.jsx","statementMap":{"0":{"start":{"line":3,"column":23},"end":{"line":6,"column":1}},"1":{"start":{"line":4,"column":23},"end":{"line":4,"column":52}},"2":{"start":{"line":5,"column":4},"end":{"line":5,"column":68}}},"fnMap":{"0":{"name":"(anonymous_0)","decl":{"start":{"line":3,"column":23},"end":{"line":3,"column":24}},"loc":{"start":{"line":3,"column":41},"end":{"line":6,"column":1}},"line":3}},"branchMap":{"0":{"loc":{"start":{"line":5,"column":11},"end":{"line":5,"column":67}},"type":"cond-expr","locations":[{"start":{"line":5,"column":24},"end":{"line":5,"column":32}},{"start":{"line":5,"column":35},"end":{"line":5,"column":67}}],"line":5}},"s":{"0":0,"1":0,"2":0},"f":{"0":0},"b":{"0":[0,0]}}
,"C:\\Users\\ruane\\OneDrive\\Documents\\ReturnZero\\AI-Powered-African-Wildlife-Detection\\frontend\\src\\components\\SearchBar.jsx": {"path":"C:\\Users\\ruane\\OneDrive\\Documents\\ReturnZero\\AI-Powered-African-Wildlife-Detection\\frontend\\src\\components\\SearchBar.jsx","statementMap":{"0":{"start":{"line":5,"column":18},"end":{"line":25,"column":1}},"1":{"start":{"line":6,"column":2},"end":{"line":24,"column":4}}},"fnMap":{"0":{"name":"(anonymous_0)","decl":{"start":{"line":5,"column":18},"end":{"line":5,"column":19}},"loc":{"start":{"line":5,"column":24},"end":{"line":25,"column":1}},"line":5}},"branchMap":{},"s":{"0":0,"1":0},"f":{"0":0},"b":{}}
,"C:\\Users\\ruane\\OneDrive\\Documents\\ReturnZero\\AI-Powered-African-Wildlife-Detection\\frontend\\src\\components\\SettingsModal.jsx": {"path":"C:\\Users\\ruane\\OneDrive\\Documents\\ReturnZero\\AI-Powered-African-Wildlife-Detection\\frontend\\src\\components\\SettingsModal.jsx","statementMap":{"0":{"start":{"line":4,"column":22},"end":{"line":42,"column":1}},"1":{"start":{"line":9,"column":2},"end":{"line":9,"column":25}},"2":{"start":{"line":9,"column":13},"end":{"line":9,"column":25}},"3":{"start":{"line":11,"column":2},"end":{"line":41,"column":4}},"4":{"start":{"line":13,"column":52},"end":{"line":13,"column":71}}},"fnMap":{"0":{"name":"(anonymous_0)","decl":{"start":{"line":4,"column":22},"end":{"line":4,"column":23}},"loc":{"start":{"line":8,"column":45},"end":{"line":42,"column":1}},"line":8},"1":{"name":"(anonymous_1)","decl":{"start":{"line":13,"column":47},"end":{"line":13,"column":48}},"loc":{"start":{"line":13,"column":52},"end":{"line":13,"column":71}},"line":13}},"branchMap":{"0":{"loc":{"start":{"line":9,"column":2},"end":{"line":9,"column":25}},"type":"if","locations":[{"start":{"line":9,"column":2},"end":{"line":9,"column":25}},{"start":{},"end":{}}],"line":9}},"s":{"0":0,"1":0,"2":0,"3":0,"4":0},"f":{"0":0,"1":0},"b":{"0":[0,0]}}
,"C:\\Users\\ruane\\OneDrive\\Documents\\ReturnZero\\AI-Powered-African-Wildlife-Detection\\frontend\\src\\components\\SettingsSection.jsx": {"path":"C:\\Users\\ruane\\OneDrive\\Documents\\ReturnZero\\AI-Powered-African-Wildlife-Detection\\frontend\\src\\components\\SettingsSection.jsx","statementMap":{"0":{"start":{"line":5,"column":24},"end":{"line":35,"column":1}},"1":{"start":{"line":6,"column":2},"end":{"line":34,"column":8}}},"fnMap":{"0":{"name":"(anonymous_0)","decl":{"start":{"line":5,"column":24},"end":{"line":5,"column":25}},"loc":{"start":{"line":6,"column":2},"end":{"line":34,"column":8}},"line":6}},"branchMap":{},"s":{"0":0,"1":0},"f":{"0":0},"b":{}}
,"C:\\Users\\ruane\\OneDrive\\Documents\\ReturnZero\\AI-Powered-African-Wildlife-Detection\\frontend\\src\\components\\VideoBackground.jsx": {"path":"C:\\Users\\ruane\\OneDrive\\Documents\\ReturnZero\\AI-Powered-African-Wildlife-Detection\\frontend\\src\\components\\VideoBackground.jsx","statementMap":{"0":{"start":{"line":4,"column":24},"end":{"line":21,"column":1}},"1":{"start":{"line":6,"column":4},"end":{"line":20,"column":6}}},"fnMap":{"0":{"name":"(anonymous_0)","decl":{"start":{"line":4,"column":24},"end":{"line":4,"column":25}},"loc":{"start":{"line":4,"column":30},"end":{"line":21,"column":1}},"line":4}},"branchMap":{},"s":{"0":0,"1":0},"f":{"0":0},"b":{}}
,"C:\\Users\\ruane\\OneDrive\\Documents\\ReturnZero\\AI-Powered-African-Wildlife-Detection\\frontend\\src\\controllers\\UsersController.js": {"path":"C:\\Users\\ruane\\OneDrive\\Documents\\ReturnZero\\AI-Powered-African-Wildlife-Detection\\frontend\\src\\controllers\\UsersController.js","statementMap":{"0":{"start":{"line":5,"column":4},"end":{"line":17,"column":5}},"1":{"start":{"line":6,"column":29},"end":{"line":6,"column":69}},"2":{"start":{"line":7,"column":21},"end":{"line":7,"column":50}},"3":{"start":{"line":9,"column":8},"end":{"line":9,"column":50}},"4":{"start":{"line":11,"column":8},"end":{"line":11,"column":39}},"5":{"start":{"line":13,"column":8},"end":{"line":16,"column":10}},"6":{"start":{"line":21,"column":4},"end":{"line":33,"column":5}},"7":{"start":{"line":22,"column":32},"end":{"line":22,"column":81}},"8":{"start":{"line":23,"column":21},"end":{"line":23,"column":56}},"9":{"start":{"line":25,"column":8},"end":{"line":25,"column":50}},"10":{"start":{"line":27,"column":8},"end":{"line":27,"column":38}},"11":{"start":{"line":29,"column":8},"end":{"line":32,"column":10}}},"fnMap":{"0":{"name":"handleLogin","decl":{"start":{"line":4,"column":22},"end":{"line":4,"column":33}},"loc":{"start":{"line":4,"column":54},"end":{"line":18,"column":1}},"line":4},"1":{"name":"handleRegister","decl":{"start":{"line":20,"column":22},"end":{"line":20,"column":36}},"loc":{"start":{"line":20,"column":64},"end":{"line":34,"column":1}},"line":20}},"branchMap":{"0":{"loc":{"start":{"line":15,"column":21},"end":{"line":15,"column":68}},"type":"binary-expr","locations":[{"start":{"line":15,"column":21},"end":{"line":15,"column":50}},{"start":{"line":15,"column":54},"end":{"line":15,"column":68}}],"line":15},"1":{"loc":{"start":{"line":31,"column":21},"end":{"line":31,"column":76}},"type":"binary-expr","locations":[{"start":{"line":31,"column":21},"end":{"line":31,"column":50}},{"start":{"line":31,"column":54},"end":{"line":31,"column":76}}],"line":31}},"s":{"0":2,"1":2,"2":2,"3":1,"4":1,"5":1,"6":2,"7":2,"8":2,"9":1,"10":1,"11":1},"f":{"0":2,"1":2},"b":{"0":[1,0],"1":[1,0]},"_coverageSchema":"1a1c01bbd47fc00a2c39e90264f33305004495a9","hash":"38304b34bb27771a91ae0ac882babee1bcbc6632"}
,"C:\\Users\\ruane\\OneDrive\\Documents\\ReturnZero\\AI-Powered-African-Wildlife-Detection\\frontend\\src\\models\\UserModel.js": {"path":"C:\\Users\\ruane\\OneDrive\\Documents\\ReturnZero\\AI-Powered-African-Wildlife-Detection\\frontend\\src\\models\\UserModel.js","statementMap":{"0":{"start":{"line":3,"column":8},"end":{"line":3,"column":27}},"1":{"start":{"line":9,"column":8},"end":{"line":9,"column":33}},"2":{"start":{"line":10,"column":8},"end":{"line":10,"column":33}},"3":{"start":{"line":16,"column":8},"end":{"line":16,"column":33}},"4":{"start":{"line":17,"column":8},"end":{"line":17,"column":27}},"5":{"start":{"line":18,"column":8},"end":{"line":18,"column":33}}},"fnMap":{"0":{"name":"(anonymous_0)","decl":{"start":{"line":2,"column":4},"end":{"line":2,"column":5}},"loc":{"start":{"line":2,"column":27},"end":{"line":4,"column":5}},"line":2},"1":{"name":"(anonymous_1)","decl":{"start":{"line":8,"column":4},"end":{"line":8,"column":5}},"loc":{"start":{"line":8,"column":40},"end":{"line":11,"column":5}},"line":8},"2":{"name":"(anonymous_2)","decl":{"start":{"line":15,"column":4},"end":{"line":15,"column":5}},"loc":{"start":{"line":15,"column":47},"end":{"line":19,"column":5}},"line":15}},"branchMap":{},"s":{"0":2,"1":4,"2":4,"3":4,"4":4,"5":4},"f":{"0":2,"1":4,"2":4},"b":{},"_coverageSchema":"1a1c01bbd47fc00a2c39e90264f33305004495a9","hash":"e2619cb4cd2ed01d3adccf0d6f911b3b62fc2f72"}
,"C:\\Users\\ruane\\OneDrive\\Documents\\ReturnZero\\AI-Powered-African-Wildlife-Detection\\frontend\\src\\pages\\AboutPage.js": {"path":"C:\\Users\\ruane\\OneDrive\\Documents\\ReturnZero\\AI-Powered-African-Wildlife-Detection\\frontend\\src\\pages\\AboutPage.js","statementMap":{"0":{"start":{"line":5,"column":18},"end":{"line":38,"column":1}},"1":{"start":{"line":6,"column":21},"end":{"line":6,"column":34}},"2":{"start":{"line":8,"column":4},"end":{"line":37,"column":6}},"3":{"start":{"line":11,"column":39},"end":{"line":11,"column":51}}},"fnMap":{"0":{"name":"(anonymous_0)","decl":{"start":{"line":5,"column":18},"end":{"line":5,"column":19}},"loc":{"start":{"line":5,"column":24},"end":{"line":38,"column":1}},"line":5},"1":{"name":"(anonymous_1)","decl":{"start":{"line":11,"column":33},"end":{"line":11,"column":34}},"loc":{"start":{"line":11,"column":39},"end":{"line":11,"column":51}},"line":11}},"branchMap":{},"s":{"0":0,"1":0,"2":0,"3":0},"f":{"0":0,"1":0},"b":{}}
,"C:\\Users\\ruane\\OneDrive\\Documents\\ReturnZero\\AI-Powered-African-Wildlife-Detection\\frontend\\src\\pages\\AuthScreen.js": {"path":"C:\\Users\\ruane\\OneDrive\\Documents\\ReturnZero\\AI-Powered-African-Wildlife-Detection\\frontend\\src\\pages\\AuthScreen.js","statementMap":{"0":{"start":{"line":11,"column":19},"end":{"line":98,"column":1}},"1":{"start":{"line":12,"column":19},"end":{"line":12,"column":32}},"2":{"start":{"line":13,"column":34},"end":{"line":13,"column":46}},"3":{"start":{"line":14,"column":34},"end":{"line":14,"column":46}},"4":{"start":{"line":15,"column":42},"end":{"line":15,"column":57}},"5":{"start":{"line":16,"column":28},"end":{"line":16,"column":40}},"6":{"start":{"line":18,"column":23},"end":{"line":20,"column":3}},"7":{"start":{"line":19,"column":4},"end":{"line":19,"column":37}},"8":{"start":{"line":19,"column":30},"end":{"line":19,"column":35}},"9":{"start":{"line":23,"column":4},"end":{"line":23,"column":23}},"10":{"start":{"line":24,"column":19},"end":{"line":24,"column":56}},"11":{"start":{"line":26,"column":4},"end":{"line":30,"column":5}},"12":{"start":{"line":27,"column":6},"end":{"line":27,"column":24}},"13":{"start":{"line":29,"column":6},"end":{"line":29,"column":31}},"14":{"start":{"line":34,"column":2},"end":{"line":97,"column":4}},"15":{"start":{"line":51,"column":31},"end":{"line":51,"column":58}},"16":{"start":{"line":65,"column":31},"end":{"line":65,"column":58}}},"fnMap":{"0":{"name":"(anonymous_0)","decl":{"start":{"line":11,"column":19},"end":{"line":11,"column":20}},"loc":{"start":{"line":11,"column":25},"end":{"line":98,"column":1}},"line":11},"1":{"name":"(anonymous_1)","decl":{"start":{"line":18,"column":23},"end":{"line":18,"column":24}},"loc":{"start":{"line":18,"column":29},"end":{"line":20,"column":3}},"line":18},"2":{"name":"(anonymous_2)","decl":{"start":{"line":19,"column":20},"end":{"line":19,"column":21}},"loc":{"start":{"line":19,"column":30},"end":{"line":19,"column":35}},"line":19},"3":{"name":"onSubmit","decl":{"start":{"line":22,"column":17},"end":{"line":22,"column":25}},"loc":{"start":{"line":22,"column":29},"end":{"line":32,"column":3}},"line":22},"4":{"name":"(anonymous_4)","decl":{"start":{"line":51,"column":24},"end":{"line":51,"column":25}},"loc":{"start":{"line":51,"column":31},"end":{"line":51,"column":58}},"line":51},"5":{"name":"(anonymous_5)","decl":{"start":{"line":65,"column":24},"end":{"line":65,"column":25}},"loc":{"start":{"line":65,"column":31},"end":{"line":65,"column":58}},"line":65}},"branchMap":{"0":{"loc":{"start":{"line":26,"column":4},"end":{"line":30,"column":5}},"type":"if","locations":[{"start":{"line":26,"column":4},"end":{"line":30,"column":5}},{"start":{"line":28,"column":11},"end":{"line":30,"column":5}}],"line":26},"1":{"loc":{"start":{"line":62,"column":20},"end":{"line":62,"column":54}},"type":"cond-expr","locations":[{"start":{"line":62,"column":35},"end":{"line":62,"column":41}},{"start":{"line":62,"column":44},"end":{"line":62,"column":54}}],"line":62},"2":{"loc":{"start":{"line":74,"column":15},"end":{"line":74,"column":76}},"type":"cond-expr","locations":[{"start":{"line":74,"column":30},"end":{"line":74,"column":54}},{"start":{"line":74,"column":57},"end":{"line":74,"column":76}}],"line":74},"3":{"loc":{"start":{"line":89,"column":11},"end":{"line":89,"column":84}},"type":"binary-expr","locations":[{"start":{"line":89,"column":11},"end":{"line":89,"column":16}},{"start":{"line":89,"column":20},"end":{"line":89,"column":84}}],"line":89}},"s":{"0":0,"1":0,"2":0,"3":0,"4":0,"5":0,"6":0,"7":0,"8":0,"9":0,"10":0,"11":0,"12":0,"13":0,"14":0,"15":0,"16":0},"f":{"0":0,"1":0,"2":0,"3":0,"4":0,"5":0},"b":{"0":[0,0],"1":[0,0],"2":[0,0],"3":[0,0]}}
,"C:\\Users\\ruane\\OneDrive\\Documents\\ReturnZero\\AI-Powered-African-Wildlife-Detection\\frontend\\src\\pages\\CapturePage.js": {"path":"C:\\Users\\ruane\\OneDrive\\Documents\\ReturnZero\\AI-Powered-African-Wildlife-Detection\\frontend\\src\\pages\\CapturePage.js","statementMap":{"0":{"start":{"line":6,"column":20},"end":{"line":49,"column":1}},"1":{"start":{"line":7,"column":20},"end":{"line":7,"column":32}},"2":{"start":{"line":9,"column":27},"end":{"line":13,"column":3}},"3":{"start":{"line":15,"column":23},"end":{"line":20,"column":3}},"4":{"start":{"line":16,"column":21},"end":{"line":16,"column":55}},"5":{"start":{"line":17,"column":4},"end":{"line":19,"column":5}},"6":{"start":{"line":18,"column":6},"end":{"line":18,"column":47}},"7":{"start":{"line":22,"column":2},"end":{"line":48,"column":4}}},"fnMap":{"0":{"name":"(anonymous_0)","decl":{"start":{"line":6,"column":20},"end":{"line":6,"column":21}},"loc":{"start":{"line":6,"column":26},"end":{"line":49,"column":1}},"line":6},"1":{"name":"(anonymous_1)","decl":{"start":{"line":15,"column":23},"end":{"line":15,"column":24}},"loc":{"start":{"line":15,"column":29},"end":{"line":20,"column":3}},"line":15}},"branchMap":{"0":{"loc":{"start":{"line":17,"column":4},"end":{"line":19,"column":5}},"type":"if","locations":[{"start":{"line":17,"column":4},"end":{"line":19,"column":5}},{"start":{},"end":{}}],"line":17}},"s":{"0":0,"1":0,"2":0,"3":0,"4":0,"5":0,"6":0,"7":0},"f":{"0":0,"1":0},"b":{"0":[0,0]}}
,"C:\\Users\\ruane\\OneDrive\\Documents\\ReturnZero\\AI-Powered-African-Wildlife-Detection\\frontend\\src\\pages\\FeedPage.js": {"path":"C:\\Users\\ruane\\OneDrive\\Documents\\ReturnZero\\AI-Powered-African-Wildlife-Detection\\frontend\\src\\pages\\FeedPage.js","statementMap":{"0":{"start":{"line":8,"column":17},"end":{"line":98,"column":1}},"1":{"start":{"line":9,"column":19},"end":{"line":9,"column":32}},"2":{"start":{"line":10,"column":40},"end":{"line":10,"column":52}},"3":{"start":{"line":12,"column":24},"end":{"line":19,"column":5}},"4":{"start":{"line":20,"column":58},"end":{"line":20,"column":73}},"5":{"start":{"line":22,"column":42},"end":{"line":22,"column":56}},"6":{"start":{"line":23,"column":52},"end":{"line":23,"column":67}},"7":{"start":{"line":25,"column":22},"end":{"line":86,"column":3}},"8":{"start":{"line":88,"column":2},"end":{"line":97,"column":4}},"9":{"start":{"line":94,"column":8},"end":{"line":94,"column":49}}},"fnMap":{"0":{"name":"(anonymous_0)","decl":{"start":{"line":8,"column":17},"end":{"line":8,"column":18}},"loc":{"start":{"line":8,"column":23},"end":{"line":98,"column":1}},"line":8},"1":{"name":"(anonymous_1)","decl":{"start":{"line":93,"column":23},"end":{"line":93,"column":24}},"loc":{"start":{"line":94,"column":8},"end":{"line":94,"column":49}},"line":94}},"branchMap":{},"s":{"0":0,"1":0,"2":0,"3":0,"4":0,"5":0,"6":0,"7":0,"8":0,"9":0},"f":{"0":0,"1":0},"b":{}}
,"C:\\Users\\ruane\\OneDrive\\Documents\\ReturnZero\\AI-Powered-African-Wildlife-Detection\\frontend\\src\\pages\\LandingPage.js": {"path":"C:\\Users\\ruane\\OneDrive\\Documents\\ReturnZero\\AI-Powered-African-Wildlife-Detection\\frontend\\src\\pages\\LandingPage.js","statementMap":{"0":{"start":{"line":9,"column":20},"end":{"line":36,"column":1}},"1":{"start":{"line":10,"column":19},"end":{"line":10,"column":32}},"2":{"start":{"line":12,"column":2},"end":{"line":35,"column":4}},"3":{"start":{"line":28,"column":35},"end":{"line":28,"column":53}},"4":{"start":{"line":29,"column":30},"end":{"line":29,"column":48}}},"fnMap":{"0":{"name":"(anonymous_0)","decl":{"start":{"line":9,"column":20},"end":{"line":9,"column":21}},"loc":{"start":{"line":9,"column":26},"end":{"line":36,"column":1}},"line":9},"1":{"name":"(anonymous_1)","decl":{"start":{"line":28,"column":29},"end":{"line":28,"column":30}},"loc":{"start":{"line":28,"column":35},"end":{"line":28,"column":53}},"line":28},"2":{"name":"(anonymous_2)","decl":{"start":{"line":29,"column":24},"end":{"line":29,"column":25}},"loc":{"start":{"line":29,"column":30},"end":{"line":29,"column":48}},"line":29}},"branchMap":{},"s":{"0":0,"1":0,"2":0,"3":0,"4":0},"f":{"0":0,"1":0,"2":0},"b":{}}
,"C:\\Users\\ruane\\OneDrive\\Documents\\ReturnZero\\AI-Powered-African-Wildlife-Detection\\frontend\\src\\pages\\MainScreen.js": {"path":"C:\\Users\\ruane\\OneDrive\\Documents\\ReturnZero\\AI-Powered-African-Wildlife-Detection\\frontend\\src\\pages\\MainScreen.js","statementMap":{"0":{"start":{"line":9,"column":19},"end":{"line":67,"column":1}},"1":{"start":{"line":10,"column":21},"end":{"line":10,"column":34}},"2":{"start":{"line":11,"column":21},"end":{"line":11,"column":33}},"3":{"start":{"line":13,"column":4},"end":{"line":66,"column":6}}},"fnMap":{"0":{"name":"(anonymous_0)","decl":{"start":{"line":9,"column":19},"end":{"line":9,"column":20}},"loc":{"start":{"line":9,"column":25},"end":{"line":67,"column":1}},"line":9}},"branchMap":{},"s":{"0":0,"1":0,"2":0,"3":0},"f":{"0":0},"b":{}}
,"C:\\Users\\ruane\\OneDrive\\Documents\\ReturnZero\\AI-Powered-African-Wildlife-Detection\\frontend\\src\\pages\\MapPage.js": {"path":"C:\\Users\\ruane\\OneDrive\\Documents\\ReturnZero\\AI-Powered-African-Wildlife-Detection\\frontend\\src\\pages\\MapPage.js","statementMap":{"0":{"start":{"line":8,"column":16},"end":{"line":67,"column":1}},"1":{"start":{"line":9,"column":48},"end":{"line":9,"column":62}},"2":{"start":{"line":10,"column":27},"end":{"line":10,"column":60}},"3":{"start":{"line":12,"column":2},"end":{"line":12,"column":46}},"4":{"start":{"line":13,"column":0},"end":{"line":17,"column":3}},"5":{"start":{"line":19,"column":0},"end":{"line":33,"column":9}},"6":{"start":{"line":20,"column":4},"end":{"line":32,"column":5}},"7":{"start":{"line":21,"column":6},"end":{"line":31,"column":8}},"8":{"start":{"line":23,"column":10},"end":{"line":26,"column":13}},"9":{"start":{"line":29,"column":10},"end":{"line":29,"column":53}},"10":{"start":{"line":35,"column":2},"end":{"line":66,"column":4}}},"fnMap":{"0":{"name":"(anonymous_0)","decl":{"start":{"line":8,"column":16},"end":{"line":8,"column":17}},"loc":{"start":{"line":8,"column":22},"end":{"line":67,"column":1}},"line":8},"1":{"name":"(anonymous_1)","decl":{"start":{"line":19,"column":10},"end":{"line":19,"column":11}},"loc":{"start":{"line":19,"column":16},"end":{"line":33,"column":3}},"line":19},"2":{"name":"(anonymous_2)","decl":{"start":{"line":22,"column":8},"end":{"line":22,"column":9}},"loc":{"start":{"line":22,"column":22},"end":{"line":27,"column":9}},"line":22},"3":{"name":"(anonymous_3)","decl":{"start":{"line":28,"column":8},"end":{"line":28,"column":9}},"loc":{"start":{"line":28,"column":19},"end":{"line":30,"column":9}},"line":28}},"branchMap":{"0":{"loc":{"start":{"line":20,"column":4},"end":{"line":32,"column":5}},"type":"if","locations":[{"start":{"line":20,"column":4},"end":{"line":32,"column":5}},{"start":{},"end":{}}],"line":20},"1":{"loc":{"start":{"line":60,"column":9},"end":{"line":62,"column":9}},"type":"binary-expr","locations":[{"start":{"line":60,"column":9},"end":{"line":60,"column":24}},{"start":{"line":61,"column":10},"end":{"line":61,"column":47}}],"line":60}},"s":{"0":0,"1":0,"2":0,"3":0,"4":0,"5":0,"6":0,"7":0,"8":0,"9":0,"10":0},"f":{"0":0,"1":0,"2":0,"3":0},"b":{"0":[0,0],"1":[0,0]}}
,"C:\\Users\\ruane\\OneDrive\\Documents\\ReturnZero\\AI-Powered-African-Wildlife-Detection\\frontend\\src\\pages\\ProfilePage.js": {"path":"C:\\Users\\ruane\\OneDrive\\Documents\\ReturnZero\\AI-Powered-African-Wildlife-Detection\\frontend\\src\\pages\\ProfilePage.js","statementMap":{"0":{"start":{"line":9,"column":20},"end":{"line":18,"column":1}},"1":{"start":{"line":10,"column":2},"end":{"line":17,"column":4}},"2":{"start":{"line":15,"column":39},"end":{"line":15,"column":59}}},"fnMap":{"0":{"name":"(anonymous_0)","decl":{"start":{"line":9,"column":20},"end":{"line":9,"column":21}},"loc":{"start":{"line":9,"column":26},"end":{"line":18,"column":1}},"line":9},"1":{"name":"(anonymous_1)","decl":{"start":{"line":15,"column":33},"end":{"line":15,"column":34}},"loc":{"start":{"line":15,"column":39},"end":{"line":15,"column":59}},"line":15}},"branchMap":{},"s":{"0":0,"1":0,"2":0},"f":{"0":0,"1":0},"b":{}}
,"C:\\Users\\ruane\\OneDrive\\Documents\\ReturnZero\\AI-Powered-African-Wildlife-Detection\\frontend\\src\\pages\\RegisterPage.js": {"path":"C:\\Users\\ruane\\OneDrive\\Documents\\ReturnZero\\AI-Powered-African-Wildlife-Detection\\frontend\\src\\pages\\RegisterPage.js","statementMap":{"0":{"start":{"line":11,"column":19},"end":{"line":99,"column":1}},"1":{"start":{"line":12,"column":19},"end":{"line":12,"column":32}},"2":{"start":{"line":14,"column":34},"end":{"line":14,"column":46}},"3":{"start":{"line":15,"column":28},"end":{"line":15,"column":40}},"4":{"start":{"line":16,"column":34},"end":{"line":16,"column":46}},"5":{"start":{"line":17,"column":42},"end":{"line":17,"column":57}},"6":{"start":{"line":18,"column":28},"end":{"line":18,"column":40}},"7":{"start":{"line":20,"column":23},"end":{"line":22,"column":3}},"8":{"start":{"line":21,"column":4},"end":{"line":21,"column":37}},"9":{"start":{"line":21,"column":30},"end":{"line":21,"column":35}},"10":{"start":{"line":25,"column":4},"end":{"line":25,"column":23}},"11":{"start":{"line":26,"column":19},"end":{"line":26,"column":66}},"12":{"start":{"line":28,"column":4},"end":{"line":32,"column":5}},"13":{"start":{"line":29,"column":6},"end":{"line":29,"column":24}},"14":{"start":{"line":31,"column":6},"end":{"line":31,"column":31}},"15":{"start":{"line":35,"column":2},"end":{"line":98,"column":4}},"16":{"start":{"line":54,"column":31},"end":{"line":54,"column":58}},"17":{"start":{"line":66,"column":31},"end":{"line":66,"column":55}},"18":{"start":{"line":78,"column":31},"end":{"line":78,"column":58}}},"fnMap":{"0":{"name":"(anonymous_0)","decl":{"start":{"line":11,"column":19},"end":{"line":11,"column":20}},"loc":{"start":{"line":11,"column":25},"end":{"line":99,"column":1}},"line":11},"1":{"name":"(anonymous_1)","decl":{"start":{"line":20,"column":23},"end":{"line":20,"column":24}},"loc":{"start":{"line":20,"column":29},"end":{"line":22,"column":3}},"line":20},"2":{"name":"(anonymous_2)","decl":{"start":{"line":21,"column":20},"end":{"line":21,"column":21}},"loc":{"start":{"line":21,"column":30},"end":{"line":21,"column":35}},"line":21},"3":{"name":"onSubmit","decl":{"start":{"line":24,"column":17},"end":{"line":24,"column":25}},"loc":{"start":{"line":24,"column":29},"end":{"line":33,"column":3}},"line":24},"4":{"name":"(anonymous_4)","decl":{"start":{"line":54,"column":24},"end":{"line":54,"column":25}},"loc":{"start":{"line":54,"column":31},"end":{"line":54,"column":58}},"line":54},"5":{"name":"(anonymous_5)","decl":{"start":{"line":66,"column":24},"end":{"line":66,"column":25}},"loc":{"start":{"line":66,"column":31},"end":{"line":66,"column":55}},"line":66},"6":{"name":"(anonymous_6)","decl":{"start":{"line":78,"column":24},"end":{"line":78,"column":25}},"loc":{"start":{"line":78,"column":31},"end":{"line":78,"column":58}},"line":78}},"branchMap":{"0":{"loc":{"start":{"line":28,"column":4},"end":{"line":32,"column":5}},"type":"if","locations":[{"start":{"line":28,"column":4},"end":{"line":32,"column":5}},{"start":{"line":30,"column":11},"end":{"line":32,"column":5}}],"line":28},"1":{"loc":{"start":{"line":75,"column":20},"end":{"line":75,"column":54}},"type":"cond-expr","locations":[{"start":{"line":75,"column":35},"end":{"line":75,"column":41}},{"start":{"line":75,"column":44},"end":{"line":75,"column":54}}],"line":75},"2":{"loc":{"start":{"line":87,"column":15},"end":{"line":87,"column":76}},"type":"cond-expr","locations":[{"start":{"line":87,"column":30},"end":{"line":87,"column":54}},{"start":{"line":87,"column":57},"end":{"line":87,"column":76}}],"line":87},"3":{"loc":{"start":{"line":92,"column":11},"end":{"line":92,"column":84}},"type":"binary-expr","locations":[{"start":{"line":92,"column":11},"end":{"line":92,"column":16}},{"start":{"line":92,"column":20},"end":{"line":92,"column":84}}],"line":92}},"s":{"0":0,"1":0,"2":0,"3":0,"4":0,"5":0,"6":0,"7":0,"8":0,"9":0,"10":0,"11":0,"12":0,"13":0,"14":0,"15":0,"16":0,"17":0,"18":0},"f":{"0":0,"1":0,"2":0,"3":0,"4":0,"5":0,"6":0},"b":{"0":[0,0],"1":[0,0],"2":[0,0],"3":[0,0]}}
,"C:\\Users\\ruane\\OneDrive\\Documents\\ReturnZero\\AI-Powered-African-Wildlife-Detection\\frontend\\src\\pages\\error_pages\\404_Page.js": {"path":"C:\\Users\\ruane\\OneDrive\\Documents\\ReturnZero\\AI-Powered-African-Wildlife-Detection\\frontend\\src\\pages\\error_pages\\404_Page.js","statementMap":{"0":{"start":{"line":6,"column":21},"end":{"line":26,"column":1}},"1":{"start":{"line":7,"column":21},"end":{"line":7,"column":34}},"2":{"start":{"line":9,"column":4},"end":{"line":25,"column":6}},"3":{"start":{"line":15,"column":39},"end":{"line":15,"column":51}}},"fnMap":{"0":{"name":"(anonymous_0)","decl":{"start":{"line":6,"column":21},"end":{"line":6,"column":22}},"loc":{"start":{"line":6,"column":27},"end":{"line":26,"column":1}},"line":6},"1":{"name":"(anonymous_1)","decl":{"start":{"line":15,"column":33},"end":{"line":15,"column":34}},"loc":{"start":{"line":15,"column":39},"end":{"line":15,"column":51}},"line":15}},"branchMap":{},"s":{"0":0,"1":0,"2":0,"3":0},"f":{"0":0,"1":0},"b":{}}
,"C:\\Users\\ruane\\OneDrive\\Documents\\ReturnZero\\AI-Powered-African-Wildlife-Detection\\frontend\\src\\services\\apiClient.js": {"path":"C:\\Users\\ruane\\OneDrive\\Documents\\ReturnZero\\AI-Powered-African-Wildlife-Detection\\frontend\\src\\services\\apiClient.js","statementMap":{"0":{"start":{"line":3,"column":18},"end":{"line":8,"column":2}}},"fnMap":{},"branchMap":{},"s":{"0":0},"f":{},"b":{}}
,"C:\\Users\\ruane\\OneDrive\\Documents\\ReturnZero\\AI-Powered-African-Wildlife-Detection\\frontend\\src\\services\\userService.js": {"path":"C:\\Users\\ruane\\OneDrive\\Documents\\ReturnZero\\AI-Powered-African-Wildlife-Detection\\frontend\\src\\services\\userService.js","statementMap":{"0":{"start":{"line":5,"column":21},"end":{"line":5,"column":70}},"1":{"start":{"line":6,"column":4},"end":{"line":6,"column":35}},"2":{"start":{"line":10,"column":21},"end":{"line":10,"column":75}},"3":{"start":{"line":11,"column":4},"end":{"line":11,"column":35}}},"fnMap":{"0":{"name":"loginUser","decl":{"start":{"line":4,"column":22},"end":{"line":4,"column":31}},"loc":{"start":{"line":4,"column":46},"end":{"line":7,"column":1}},"line":4},"1":{"name":"registerUser","decl":{"start":{"line":9,"column":22},"end":{"line":9,"column":34}},"loc":{"start":{"line":9,"column":52},"end":{"line":12,"column":1}},"line":9}},"branchMap":{},"s":{"0":0,"1":0,"2":0,"3":0},"f":{"0":0,"1":0},"b":{}}
}
