{"C:\\Users\\tomsc\\Documents\\GitHub\\AI-Powered-African-Wildlife-Detection\\api\\src\\app.js": {"path":"C:\\Users\\tomsc\\Documents\\GitHub\\AI-Powered-African-Wildlife-Detection\\api\\src\\app.js","statementMap":{"0":{"start":{"line":4,"column":12},"end":{"line":4,"column":21}},"1":{"start":{"line":6,"column":18},"end":{"line":6,"column":47}},"2":{"start":{"line":7,"column":22},"end":{"line":7,"column":55}},"3":{"start":{"line":8,"column":23},"end":{"line":8,"column":57}},"4":{"start":{"line":9,"column":18},"end":{"line":9,"column":47}},"5":{"start":{"line":11,"column":21},"end":{"line":11,"column":54}},"6":{"start":{"line":13,"column":0},"end":{"line":23,"column":3}},"7":{"start":{"line":14,"column":1},"end":{"line":14,"column":59}},"8":{"start":{"line":16,"column":1},"end":{"line":18,"column":2}},"9":{"start":{"line":17,"column":2},"end":{"line":17,"column":16}},"10":{"start":{"line":22,"column":1},"end":{"line":22,"column":8}},"11":{"start":{"line":26,"column":0},"end":{"line":33,"column":2}},"12":{"start":{"line":30,"column":3},"end":{"line":30,"column":47}},"13":{"start":{"line":35,"column":0},"end":{"line":43,"column":2}},"14":{"start":{"line":40,"column":3},"end":{"line":40,"column":51}},"15":{"start":{"line":45,"column":0},"end":{"line":53,"column":2}},"16":{"start":{"line":50,"column":3},"end":{"line":50,"column":52}},"17":{"start":{"line":55,"column":0},"end":{"line":63,"column":2}},"18":{"start":{"line":60,"column":3},"end":{"line":60,"column":48}},"19":{"start":{"line":66,"column":0},"end":{"line":68,"column":3}},"20":{"start":{"line":67,"column":1},"end":{"line":67,"column":46}}},"fnMap":{"0":{"name":"(anonymous_0)","decl":{"start":{"line":13,"column":8},"end":{"line":13,"column":9}},"loc":{"start":{"line":13,"column":28},"end":{"line":23,"column":1}},"line":13},"1":{"name":"(anonymous_1)","decl":{"start":{"line":29,"column":24},"end":{"line":29,"column":25}},"loc":{"start":{"line":29,"column":33},"end":{"line":31,"column":3}},"line":29},"2":{"name":"(anonymous_2)","decl":{"start":{"line":39,"column":24},"end":{"line":39,"column":25}},"loc":{"start":{"line":39,"column":33},"end":{"line":41,"column":3}},"line":39},"3":{"name":"(anonymous_3)","decl":{"start":{"line":49,"column":24},"end":{"line":49,"column":25}},"loc":{"start":{"line":49,"column":33},"end":{"line":51,"column":3}},"line":49},"4":{"name":"(anonymous_4)","decl":{"start":{"line":59,"column":24},"end":{"line":59,"column":25}},"loc":{"start":{"line":59,"column":33},"end":{"line":61,"column":3}},"line":59},"5":{"name":"(anonymous_5)","decl":{"start":{"line":66,"column":8},"end":{"line":66,"column":9}},"loc":{"start":{"line":66,"column":22},"end":{"line":68,"column":1}},"line":66}},"branchMap":{"0":{"loc":{"start":{"line":6,"column":18},"end":{"line":6,"column":47}},"type":"binary-expr","locations":[{"start":{"line":6,"column":18},"end":{"line":6,"column":39}},{"start":{"line":6,"column":43},"end":{"line":6,"column":47}}],"line":6},"1":{"loc":{"start":{"line":7,"column":22},"end":{"line":7,"column":55}},"type":"binary-expr","locations":[{"start":{"line":7,"column":22},"end":{"line":7,"column":47}},{"start":{"line":7,"column":51},"end":{"line":7,"column":55}}],"line":7},"2":{"loc":{"start":{"line":8,"column":23},"end":{"line":8,"column":57}},"type":"binary-expr","locations":[{"start":{"line":8,"column":23},"end":{"line":8,"column":49}},{"start":{"line":8,"column":53},"end":{"line":8,"column":57}}],"line":8},"3":{"loc":{"start":{"line":9,"column":18},"end":{"line":9,"column":47}},"type":"binary-expr","locations":[{"start":{"line":9,"column":18},"end":{"line":9,"column":39}},{"start":{"line":9,"column":43},"end":{"line":9,"column":47}}],"line":9},"4":{"loc":{"start":{"line":16,"column":1},"end":{"line":18,"column":2}},"type":"if","locations":[{"start":{"line":16,"column":1},"end":{"line":18,"column":2}},{"start":{},"end":{}}],"line":16}},"s":{"0":2,"1":2,"2":2,"3":2,"4":2,"5":2,"6":2,"7":5,"8":5,"9":3,"10":2,"11":2,"12":3,"13":2,"14":1,"15":2,"16":0,"17":2,"18":0,"19":2,"20":1},"f":{"0":5,"1":3,"2":1,"3":0,"4":0,"5":1},"b":{"0":[2,2],"1":[2,2],"2":[2,2],"3":[2,2],"4":[3,2]},"inputSourceMap":null,"_coverageSchema":"1a1c01bbd47fc00a2c39e90264f33305004495a9","hash":"b2197103dc60f76b02481f021ec7881a2f34cb3b"}
,"C:\\Users\\tomsc\\Documents\\GitHub\\AI-Powered-African-Wildlife-Detection\\api\\src\\AuthenticationServer\\authController.js": {"path":"C:\\Users\\tomsc\\Documents\\GitHub\\AI-Powered-African-Wildlife-Detection\\api\\src\\AuthenticationServer\\authController.js","statementMap":{"0":{"start":{"line":4,"column":1},"end":{"line":20,"column":2}},"1":{"start":{"line":5,"column":40},"end":{"line":5,"column":48}},"2":{"start":{"line":6,"column":16},"end":{"line":6,"column":77}},"3":{"start":{"line":7,"column":2},"end":{"line":9,"column":3}},"4":{"start":{"line":8,"column":3},"end":{"line":8,"column":88}},"5":{"start":{"line":10,"column":2},"end":{"line":15,"column":5}},"6":{"start":{"line":16,"column":2},"end":{"line":16,"column":83}},"7":{"start":{"line":19,"column":2},"end":{"line":19,"column":75}},"8":{"start":{"line":24,"column":1},"end":{"line":40,"column":2}},"9":{"start":{"line":25,"column":33},"end":{"line":25,"column":41}},"10":{"start":{"line":26,"column":16},"end":{"line":26,"column":67}},"11":{"start":{"line":27,"column":2},"end":{"line":29,"column":3}},"12":{"start":{"line":28,"column":3},"end":{"line":28,"column":92}},"13":{"start":{"line":30,"column":2},"end":{"line":35,"column":5}},"14":{"start":{"line":36,"column":2},"end":{"line":36,"column":82}},"15":{"start":{"line":39,"column":2},"end":{"line":39,"column":68}},"16":{"start":{"line":44,"column":1},"end":{"line":51,"column":2}},"17":{"start":{"line":45,"column":21},"end":{"line":45,"column":29}},"18":{"start":{"line":47,"column":2},"end":{"line":47,"column":27}},"19":{"start":{"line":48,"column":2},"end":{"line":48,"column":83}},"20":{"start":{"line":50,"column":2},"end":{"line":50,"column":69}},"21":{"start":{"line":54,"column":30},"end":{"line":58,"column":1}}},"fnMap":{"0":{"name":"registerUser","decl":{"start":{"line":3,"column":15},"end":{"line":3,"column":27}},"loc":{"start":{"line":3,"column":38},"end":{"line":21,"column":1}},"line":3},"1":{"name":"loginUser","decl":{"start":{"line":23,"column":15},"end":{"line":23,"column":24}},"loc":{"start":{"line":23,"column":35},"end":{"line":41,"column":1}},"line":23},"2":{"name":"logoutUser","decl":{"start":{"line":43,"column":15},"end":{"line":43,"column":25}},"loc":{"start":{"line":43,"column":36},"end":{"line":52,"column":1}},"line":43}},"branchMap":{"0":{"loc":{"start":{"line":7,"column":2},"end":{"line":9,"column":3}},"type":"if","locations":[{"start":{"line":7,"column":2},"end":{"line":9,"column":3}},{"start":{},"end":{}}],"line":7},"1":{"loc":{"start":{"line":27,"column":2},"end":{"line":29,"column":3}},"type":"if","locations":[{"start":{"line":27,"column":2},"end":{"line":29,"column":3}},{"start":{},"end":{}}],"line":27}},"s":{"0":5,"1":5,"2":5,"3":4,"4":1,"5":3,"6":3,"7":1,"8":4,"9":4,"10":4,"11":3,"12":1,"13":2,"14":2,"15":1,"16":2,"17":2,"18":2,"19":1,"20":1,"21":2},"f":{"0":5,"1":4,"2":2},"b":{"0":[1,3],"1":[1,2]},"inputSourceMap":null,"_coverageSchema":"1a1c01bbd47fc00a2c39e90264f33305004495a9","hash":"fde97052ad30e5bf47d802f711a737ad62fb0a72"}
,"C:\\Users\\tomsc\\Documents\\GitHub\\AI-Powered-African-Wildlife-Detection\\api\\src\\AuthenticationServer\\authRepository.js": {"path":"C:\\Users\\tomsc\\Documents\\GitHub\\AI-Powered-African-Wildlife-Detection\\api\\src\\AuthenticationServer\\authRepository.js","statementMap":{"0":{"start":{"line":5,"column":39},"end":{"line":5,"column":47}},"1":{"start":{"line":6,"column":16},"end":{"line":6,"column":25}},"2":{"start":{"line":8,"column":1},"end":{"line":18,"column":5}},"3":{"start":{"line":14,"column":3},"end":{"line":14,"column":42}},"4":{"start":{"line":17,"column":3},"end":{"line":17,"column":60}},"5":{"start":{"line":22,"column":1},"end":{"line":29,"column":5}},"6":{"start":{"line":25,"column":3},"end":{"line":25,"column":33}},"7":{"start":{"line":28,"column":3},"end":{"line":28,"column":60}},"8":{"start":{"line":33,"column":1},"end":{"line":40,"column":5}},"9":{"start":{"line":36,"column":3},"end":{"line":36,"column":33}},"10":{"start":{"line":39,"column":3},"end":{"line":39,"column":60}},"11":{"start":{"line":44,"column":39},"end":{"line":44,"column":50}},"12":{"start":{"line":46,"column":1},"end":{"line":57,"column":5}},"13":{"start":{"line":53,"column":3},"end":{"line":53,"column":33}},"14":{"start":{"line":56,"column":3},"end":{"line":56,"column":72}},"15":{"start":{"line":61,"column":1},"end":{"line":68,"column":5}},"16":{"start":{"line":64,"column":3},"end":{"line":64,"column":51}},"17":{"start":{"line":67,"column":3},"end":{"line":67,"column":60}},"18":{"start":{"line":72,"column":1},"end":{"line":79,"column":5}},"19":{"start":{"line":75,"column":3},"end":{"line":75,"column":22}},"20":{"start":{"line":78,"column":3},"end":{"line":78,"column":65}},"21":{"start":{"line":83,"column":1},"end":{"line":90,"column":5}},"22":{"start":{"line":86,"column":3},"end":{"line":86,"column":35}},"23":{"start":{"line":89,"column":3},"end":{"line":89,"column":70}},"24":{"start":{"line":93,"column":30},"end":{"line":101,"column":1}}},"fnMap":{"0":{"name":"createUser","decl":{"start":{"line":4,"column":15},"end":{"line":4,"column":25}},"loc":{"start":{"line":4,"column":36},"end":{"line":19,"column":1}},"line":4},"1":{"name":"(anonymous_1)","decl":{"start":{"line":13,"column":8},"end":{"line":13,"column":9}},"loc":{"start":{"line":13,"column":14},"end":{"line":15,"column":3}},"line":13},"2":{"name":"(anonymous_2)","decl":{"start":{"line":16,"column":9},"end":{"line":16,"column":10}},"loc":{"start":{"line":16,"column":20},"end":{"line":18,"column":3}},"line":16},"3":{"name":"getUserById","decl":{"start":{"line":21,"column":15},"end":{"line":21,"column":26}},"loc":{"start":{"line":21,"column":35},"end":{"line":30,"column":1}},"line":21},"4":{"name":"(anonymous_4)","decl":{"start":{"line":24,"column":8},"end":{"line":24,"column":9}},"loc":{"start":{"line":24,"column":20},"end":{"line":26,"column":3}},"line":24},"5":{"name":"(anonymous_5)","decl":{"start":{"line":27,"column":9},"end":{"line":27,"column":10}},"loc":{"start":{"line":27,"column":20},"end":{"line":29,"column":3}},"line":27},"6":{"name":"getUserByUsername","decl":{"start":{"line":32,"column":15},"end":{"line":32,"column":32}},"loc":{"start":{"line":32,"column":43},"end":{"line":41,"column":1}},"line":32},"7":{"name":"(anonymous_7)","decl":{"start":{"line":35,"column":8},"end":{"line":35,"column":9}},"loc":{"start":{"line":35,"column":20},"end":{"line":37,"column":3}},"line":35},"8":{"name":"(anonymous_8)","decl":{"start":{"line":38,"column":9},"end":{"line":38,"column":10}},"loc":{"start":{"line":38,"column":20},"end":{"line":40,"column":3}},"line":38},"9":{"name":"updateUserPreferences","decl":{"start":{"line":43,"column":15},"end":{"line":43,"column":36}},"loc":{"start":{"line":43,"column":58},"end":{"line":58,"column":1}},"line":43},"10":{"name":"(anonymous_10)","decl":{"start":{"line":52,"column":8},"end":{"line":52,"column":9}},"loc":{"start":{"line":52,"column":20},"end":{"line":54,"column":3}},"line":52},"11":{"name":"(anonymous_11)","decl":{"start":{"line":55,"column":9},"end":{"line":55,"column":10}},"loc":{"start":{"line":55,"column":20},"end":{"line":57,"column":3}},"line":55},"12":{"name":"deleteUser","decl":{"start":{"line":60,"column":15},"end":{"line":60,"column":25}},"loc":{"start":{"line":60,"column":34},"end":{"line":69,"column":1}},"line":60},"13":{"name":"(anonymous_13)","decl":{"start":{"line":63,"column":8},"end":{"line":63,"column":9}},"loc":{"start":{"line":63,"column":14},"end":{"line":65,"column":3}},"line":63},"14":{"name":"(anonymous_14)","decl":{"start":{"line":66,"column":9},"end":{"line":66,"column":10}},"loc":{"start":{"line":66,"column":20},"end":{"line":68,"column":3}},"line":66},"15":{"name":"getAllUsers","decl":{"start":{"line":71,"column":15},"end":{"line":71,"column":26}},"loc":{"start":{"line":71,"column":29},"end":{"line":80,"column":1}},"line":71},"16":{"name":"(anonymous_16)","decl":{"start":{"line":74,"column":8},"end":{"line":74,"column":9}},"loc":{"start":{"line":74,"column":20},"end":{"line":76,"column":3}},"line":74},"17":{"name":"(anonymous_17)","decl":{"start":{"line":77,"column":9},"end":{"line":77,"column":10}},"loc":{"start":{"line":77,"column":20},"end":{"line":79,"column":3}},"line":77},"18":{"name":"userExists","decl":{"start":{"line":82,"column":15},"end":{"line":82,"column":25}},"loc":{"start":{"line":82,"column":36},"end":{"line":91,"column":1}},"line":82},"19":{"name":"(anonymous_19)","decl":{"start":{"line":85,"column":8},"end":{"line":85,"column":9}},"loc":{"start":{"line":85,"column":20},"end":{"line":87,"column":3}},"line":85},"20":{"name":"(anonymous_20)","decl":{"start":{"line":88,"column":9},"end":{"line":88,"column":10}},"loc":{"start":{"line":88,"column":20},"end":{"line":90,"column":3}},"line":88}},"branchMap":{"0":{"loc":{"start":{"line":25,"column":10},"end":{"line":25,"column":32}},"type":"binary-expr","locations":[{"start":{"line":25,"column":10},"end":{"line":25,"column":24}},{"start":{"line":25,"column":28},"end":{"line":25,"column":32}}],"line":25},"1":{"loc":{"start":{"line":36,"column":10},"end":{"line":36,"column":32}},"type":"binary-expr","locations":[{"start":{"line":36,"column":10},"end":{"line":36,"column":24}},{"start":{"line":36,"column":28},"end":{"line":36,"column":32}}],"line":36},"2":{"loc":{"start":{"line":53,"column":10},"end":{"line":53,"column":32}},"type":"binary-expr","locations":[{"start":{"line":53,"column":10},"end":{"line":53,"column":24}},{"start":{"line":53,"column":28},"end":{"line":53,"column":32}}],"line":53}},"s":{"0":4,"1":4,"2":4,"3":3,"4":1,"5":3,"6":2,"7":1,"8":4,"9":3,"10":1,"11":3,"12":3,"13":2,"14":1,"15":2,"16":1,"17":1,"18":3,"19":2,"20":1,"21":5,"22":4,"23":1,"24":2},"f":{"0":4,"1":3,"2":1,"3":3,"4":2,"5":1,"6":4,"7":3,"8":1,"9":3,"10":2,"11":1,"12":2,"13":1,"14":1,"15":3,"16":2,"17":1,"18":5,"19":4,"20":1},"b":{"0":[2,1],"1":[3,1],"2":[2,1]},"inputSourceMap":null,"_coverageSchema":"1a1c01bbd47fc00a2c39e90264f33305004495a9","hash":"25f7c4574c90b12f719d30d874be9c7f3a13f93c"}
,"C:\\Users\\tomsc\\Documents\\GitHub\\AI-Powered-African-Wildlife-Detection\\api\\src\\AuthenticationServer\\authRoute.js": {"path":"C:\\Users\\tomsc\\Documents\\GitHub\\AI-Powered-African-Wildlife-Detection\\api\\src\\AuthenticationServer\\authRoute.js","statementMap":{"0":{"start":{"line":4,"column":16},"end":{"line":4,"column":25}},"1":{"start":{"line":5,"column":0},"end":{"line":5,"column":28}},"2":{"start":{"line":8,"column":0},"end":{"line":8,"column":55}},"3":{"start":{"line":9,"column":0},"end":{"line":9,"column":49}},"4":{"start":{"line":10,"column":0},"end":{"line":10,"column":51}}},"fnMap":{},"branchMap":{},"s":{"0":1,"1":1,"2":1,"3":1,"4":1},"f":{},"b":{},"inputSourceMap":null,"_coverageSchema":"1a1c01bbd47fc00a2c39e90264f33305004495a9","hash":"afbf30e63ecb5f9e20f605b7ba1efd80092227ad"}
,"C:\\Users\\tomsc\\Documents\\GitHub\\AI-Powered-African-Wildlife-Detection\\api\\src\\AuthenticationServer\\authService.js": {"path":"C:\\Users\\tomsc\\Documents\\GitHub\\AI-Powered-African-Wildlife-Detection\\api\\src\\AuthenticationServer\\authService.js","statementMap":{"0":{"start":{"line":6,"column":18},"end":{"line":6,"column":47}},"1":{"start":{"line":7,"column":1},"end":{"line":9,"column":2}},"2":{"start":{"line":8,"column":2},"end":{"line":8,"column":64}},"3":{"start":{"line":10,"column":1},"end":{"line":12,"column":2}},"4":{"start":{"line":11,"column":2},"end":{"line":11,"column":45}},"5":{"start":{"line":13,"column":1},"end":{"line":27,"column":2}},"6":{"start":{"line":14,"column":25},"end":{"line":14,"column":65}},"7":{"start":{"line":15,"column":15},"end":{"line":18,"column":4}},"8":{"start":{"line":20,"column":16},"end":{"line":22,"column":4}},"9":{"start":{"line":24,"column":2},"end":{"line":24,"column":15}},"10":{"start":{"line":26,"column":2},"end":{"line":26,"column":62}},"11":{"start":{"line":31,"column":1},"end":{"line":33,"column":2}},"12":{"start":{"line":32,"column":2},"end":{"line":32,"column":56}},"13":{"start":{"line":35,"column":1},"end":{"line":51,"column":2}},"14":{"start":{"line":36,"column":15},"end":{"line":36,"column":63}},"15":{"start":{"line":37,"column":2},"end":{"line":39,"column":3}},"16":{"start":{"line":38,"column":3},"end":{"line":38,"column":51}},"17":{"start":{"line":40,"column":26},"end":{"line":40,"column":76}},"18":{"start":{"line":41,"column":2},"end":{"line":43,"column":3}},"19":{"start":{"line":42,"column":3},"end":{"line":42,"column":51}},"20":{"start":{"line":45,"column":16},"end":{"line":47,"column":4}},"21":{"start":{"line":48,"column":2},"end":{"line":48,"column":15}},"22":{"start":{"line":50,"column":2},"end":{"line":50,"column":61}},"23":{"start":{"line":55,"column":1},"end":{"line":57,"column":2}},"24":{"start":{"line":56,"column":2},"end":{"line":56,"column":41}},"25":{"start":{"line":58,"column":1},"end":{"line":68,"column":2}},"26":{"start":{"line":61,"column":15},"end":{"line":61,"column":55}},"27":{"start":{"line":62,"column":2},"end":{"line":64,"column":3}},"28":{"start":{"line":63,"column":3},"end":{"line":63,"column":37}},"29":{"start":{"line":65,"column":2},"end":{"line":65,"column":53}},"30":{"start":{"line":67,"column":2},"end":{"line":67,"column":62}},"31":{"start":{"line":71,"column":27},"end":{"line":75,"column":1}}},"fnMap":{"0":{"name":"registerUser","decl":{"start":{"line":5,"column":15},"end":{"line":5,"column":27}},"loc":{"start":{"line":5,"column":59},"end":{"line":28,"column":1}},"line":5},"1":{"name":"loginUser","decl":{"start":{"line":30,"column":15},"end":{"line":30,"column":24}},"loc":{"start":{"line":30,"column":49},"end":{"line":52,"column":1}},"line":30},"2":{"name":"logoutUser","decl":{"start":{"line":54,"column":15},"end":{"line":54,"column":25}},"loc":{"start":{"line":54,"column":34},"end":{"line":69,"column":1}},"line":54}},"branchMap":{"0":{"loc":{"start":{"line":7,"column":1},"end":{"line":9,"column":2}},"type":"if","locations":[{"start":{"line":7,"column":1},"end":{"line":9,"column":2}},{"start":{},"end":{}}],"line":7},"1":{"loc":{"start":{"line":7,"column":5},"end":{"line":7,"column":64}},"type":"binary-expr","locations":[{"start":{"line":7,"column":5},"end":{"line":7,"column":23}},{"start":{"line":7,"column":27},"end":{"line":7,"column":45}},{"start":{"line":7,"column":49},"end":{"line":7,"column":64}}],"line":7},"2":{"loc":{"start":{"line":10,"column":1},"end":{"line":12,"column":2}},"type":"if","locations":[{"start":{"line":10,"column":1},"end":{"line":12,"column":2}},{"start":{},"end":{}}],"line":10},"3":{"loc":{"start":{"line":31,"column":1},"end":{"line":33,"column":2}},"type":"if","locations":[{"start":{"line":31,"column":1},"end":{"line":33,"column":2}},{"start":{},"end":{}}],"line":31},"4":{"loc":{"start":{"line":31,"column":5},"end":{"line":31,"column":27}},"type":"binary-expr","locations":[{"start":{"line":31,"column":5},"end":{"line":31,"column":14}},{"start":{"line":31,"column":18},"end":{"line":31,"column":27}}],"line":31},"5":{"loc":{"start":{"line":37,"column":2},"end":{"line":39,"column":3}},"type":"if","locations":[{"start":{"line":37,"column":2},"end":{"line":39,"column":3}},{"start":{},"end":{}}],"line":37},"6":{"loc":{"start":{"line":41,"column":2},"end":{"line":43,"column":3}},"type":"if","locations":[{"start":{"line":41,"column":2},"end":{"line":43,"column":3}},{"start":{},"end":{}}],"line":41},"7":{"loc":{"start":{"line":55,"column":1},"end":{"line":57,"column":2}},"type":"if","locations":[{"start":{"line":55,"column":1},"end":{"line":57,"column":2}},{"start":{},"end":{}}],"line":55},"8":{"loc":{"start":{"line":62,"column":2},"end":{"line":64,"column":3}},"type":"if","locations":[{"start":{"line":62,"column":2},"end":{"line":64,"column":3}},{"start":{},"end":{}}],"line":62}},"s":{"0":6,"1":6,"2":1,"3":5,"4":1,"5":4,"6":4,"7":4,"8":3,"9":3,"10":1,"11":6,"12":1,"13":5,"14":5,"15":4,"16":1,"17":3,"18":3,"19":1,"20":2,"21":2,"22":3,"23":4,"24":1,"25":3,"26":3,"27":2,"28":1,"29":1,"30":2,"31":2},"f":{"0":6,"1":6,"2":4},"b":{"0":[1,5],"1":[6,5,5],"2":[1,4],"3":[1,5],"4":[6,5],"5":[1,3],"6":[1,2],"7":[1,3],"8":[1,1]},"inputSourceMap":null,"_coverageSchema":"1a1c01bbd47fc00a2c39e90264f33305004495a9","hash":"2a1f41ca2a65982e86b3542d3768f139694231a5"}
,"C:\\Users\\tomsc\\Documents\\GitHub\\AI-Powered-African-Wildlife-Detection\\api\\src\\DiscoveryServer\\discoveryController.js": {"path":"C:\\Users\\tomsc\\Documents\\GitHub\\AI-Powered-African-Wildlife-Detection\\api\\src\\DiscoveryServer\\discoveryController.js","statementMap":{"0":{"start":{"line":4,"column":1},"end":{"line":18,"column":2}},"1":{"start":{"line":5,"column":18},"end":{"line":5,"column":56}},"2":{"start":{"line":7,"column":2},"end":{"line":11,"column":5}},"3":{"start":{"line":13,"column":2},"end":{"line":13,"column":61}},"4":{"start":{"line":14,"column":2},"end":{"line":17,"column":5}},"5":{"start":{"line":22,"column":1},"end":{"line":47,"column":2}},"6":{"start":{"line":23,"column":2},"end":{"line":25,"column":3}},"7":{"start":{"line":24,"column":3},"end":{"line":24,"column":81}},"8":{"start":{"line":26,"column":16},"end":{"line":26,"column":31}},"9":{"start":{"line":27,"column":18},"end":{"line":27,"column":116}},"10":{"start":{"line":29,"column":17},"end":{"line":29,"column":68}},"11":{"start":{"line":30,"column":2},"end":{"line":35,"column":3}},"12":{"start":{"line":31,"column":3},"end":{"line":34,"column":6}},"13":{"start":{"line":37,"column":2},"end":{"line":40,"column":5}},"14":{"start":{"line":42,"column":2},"end":{"line":42,"column":23}},"15":{"start":{"line":43,"column":2},"end":{"line":46,"column":5}},"16":{"start":{"line":51,"column":1},"end":{"line":62,"column":2}},"17":{"start":{"line":52,"column":2},"end":{"line":56,"column":5}},"18":{"start":{"line":58,"column":2},"end":{"line":61,"column":5}},"19":{"start":{"line":65,"column":35},"end":{"line":69,"column":1}}},"fnMap":{"0":{"name":"getAllAnimals","decl":{"start":{"line":3,"column":15},"end":{"line":3,"column":28}},"loc":{"start":{"line":3,"column":39},"end":{"line":19,"column":1}},"line":3},"1":{"name":"insertNewAnimal","decl":{"start":{"line":21,"column":15},"end":{"line":21,"column":30}},"loc":{"start":{"line":21,"column":41},"end":{"line":48,"column":1}},"line":21},"2":{"name":"getMapSightings","decl":{"start":{"line":50,"column":15},"end":{"line":50,"column":30}},"loc":{"start":{"line":50,"column":41},"end":{"line":63,"column":1}},"line":50}},"branchMap":{"0":{"loc":{"start":{"line":23,"column":2},"end":{"line":25,"column":3}},"type":"if","locations":[{"start":{"line":23,"column":2},"end":{"line":25,"column":3}},{"start":{},"end":{}}],"line":23},"1":{"loc":{"start":{"line":27,"column":47},"end":{"line":27,"column":69}},"type":"binary-expr","locations":[{"start":{"line":27,"column":47},"end":{"line":27,"column":60}},{"start":{"line":27,"column":64},"end":{"line":27,"column":69}}],"line":27},"2":{"loc":{"start":{"line":27,"column":84},"end":{"line":27,"column":114}},"type":"binary-expr","locations":[{"start":{"line":27,"column":84},"end":{"line":27,"column":104}},{"start":{"line":27,"column":108},"end":{"line":27,"column":114}}],"line":27},"3":{"loc":{"start":{"line":30,"column":2},"end":{"line":35,"column":3}},"type":"if","locations":[{"start":{"line":30,"column":2},"end":{"line":35,"column":3}},{"start":{},"end":{}}],"line":30}},"s":{"0":4,"1":4,"2":3,"3":1,"4":1,"5":3,"6":3,"7":0,"8":3,"9":3,"10":3,"11":2,"12":1,"13":1,"14":1,"15":1,"16":0,"17":0,"18":0,"19":2},"f":{"0":4,"1":3,"2":0},"b":{"0":[0,3],"1":[3,0],"2":[3,0],"3":[1,1]},"inputSourceMap":null,"_coverageSchema":"1a1c01bbd47fc00a2c39e90264f33305004495a9","hash":"a0259f122dfa64e7334d964cd0f77406f44d3f04"}
,"C:\\Users\\tomsc\\Documents\\GitHub\\AI-Powered-African-Wildlife-Detection\\api\\src\\DiscoveryServer\\discoveryRepository.js": {"path":"C:\\Users\\tomsc\\Documents\\GitHub\\AI-Powered-African-Wildlife-Detection\\api\\src\\DiscoveryServer\\discoveryRepository.js","statementMap":{"0":{"start":{"line":5,"column":20},"end":{"line":134,"column":1}},"1":{"start":{"line":137,"column":1},"end":{"line":148,"column":2}},"2":{"start":{"line":138,"column":16},"end":{"line":138,"column":57}},"3":{"start":{"line":139,"column":17},"end":{"line":139,"column":38}},"4":{"start":{"line":140,"column":2},"end":{"line":140,"column":21}},"5":{"start":{"line":142,"column":2},"end":{"line":142,"column":65}},"6":{"start":{"line":145,"column":2},"end":{"line":145,"column":66}},"7":{"start":{"line":147,"column":2},"end":{"line":147,"column":21}},"8":{"start":{"line":152,"column":1},"end":{"line":158,"column":2}},"9":{"start":{"line":153,"column":14},"end":{"line":153,"column":38}},"10":{"start":{"line":154,"column":2},"end":{"line":154,"column":13}},"11":{"start":{"line":156,"column":2},"end":{"line":156,"column":23}},"12":{"start":{"line":157,"column":2},"end":{"line":157,"column":49}},"13":{"start":{"line":168,"column":1},"end":{"line":193,"column":2}},"14":{"start":{"line":169,"column":14},"end":{"line":169,"column":24}},"15":{"start":{"line":170,"column":14},"end":{"line":170,"column":45}},"16":{"start":{"line":172,"column":38},"end":{"line":172,"column":45}},"17":{"start":{"line":174,"column":19},"end":{"line":174,"column":84}},"18":{"start":{"line":177,"column":2},"end":{"line":188,"column":3}},"19":{"start":{"line":179,"column":4},"end":{"line":179,"column":109}},"20":{"start":{"line":180,"column":18},"end":{"line":180,"column":48}},"21":{"start":{"line":182,"column":3},"end":{"line":182,"column":42}},"22":{"start":{"line":184,"column":17},"end":{"line":184,"column":87}},"23":{"start":{"line":185,"column":18},"end":{"line":185,"column":29}},"24":{"start":{"line":187,"column":3},"end":{"line":187,"column":42}},"25":{"start":{"line":189,"column":2},"end":{"line":189,"column":24}},"26":{"start":{"line":191,"column":2},"end":{"line":191,"column":23}},"27":{"start":{"line":192,"column":2},"end":{"line":192,"column":63}},"28":{"start":{"line":196,"column":35},"end":{"line":200,"column":1}}},"fnMap":{"0":{"name":"getAllAnimals","decl":{"start":{"line":136,"column":15},"end":{"line":136,"column":28}},"loc":{"start":{"line":136,"column":31},"end":{"line":149,"column":1}},"line":136},"1":{"name":"fetchAnimalImage","decl":{"start":{"line":151,"column":15},"end":{"line":151,"column":31}},"loc":{"start":{"line":151,"column":37},"end":{"line":159,"column":1}},"line":151},"2":{"name":"addNewBestiaryEntry","decl":{"start":{"line":167,"column":15},"end":{"line":167,"column":34}},"loc":{"start":{"line":167,"column":51},"end":{"line":194,"column":1}},"line":167}},"branchMap":{"0":{"loc":{"start":{"line":177,"column":2},"end":{"line":188,"column":3}},"type":"if","locations":[{"start":{"line":177,"column":2},"end":{"line":188,"column":3}},{"start":{"line":183,"column":9},"end":{"line":188,"column":3}}],"line":177}},"s":{"0":2,"1":4,"2":4,"3":4,"4":3,"5":1,"6":1,"7":1,"8":39,"9":39,"10":39,"11":0,"12":0,"13":3,"14":3,"15":3,"16":2,"17":2,"18":2,"19":1,"20":1,"21":1,"22":1,"23":1,"24":1,"25":2,"26":1,"27":1,"28":2},"f":{"0":4,"1":39,"2":3},"b":{"0":[1,1]},"inputSourceMap":null,"_coverageSchema":"1a1c01bbd47fc00a2c39e90264f33305004495a9","hash":"91721261fd99c2d43de4f580995f2feebf325230"}
,"C:\\Users\\tomsc\\Documents\\GitHub\\AI-Powered-African-Wildlife-Detection\\api\\src\\DiscoveryServer\\discoveryRoute.js": {"path":"C:\\Users\\tomsc\\Documents\\GitHub\\AI-Powered-African-Wildlife-Detection\\api\\src\\DiscoveryServer\\discoveryRoute.js","statementMap":{"0":{"start":{"line":5,"column":21},"end":{"line":5,"column":30}},"1":{"start":{"line":6,"column":15},"end":{"line":6,"column":58}},"2":{"start":{"line":8,"column":0},"end":{"line":8,"column":81}},"3":{"start":{"line":10,"column":0},"end":{"line":10,"column":91}},"4":{"start":{"line":12,"column":0},"end":{"line":12,"column":84}}},"fnMap":{},"branchMap":{},"s":{"0":1,"1":1,"2":1,"3":1,"4":1},"f":{},"b":{},"inputSourceMap":null,"_coverageSchema":"1a1c01bbd47fc00a2c39e90264f33305004495a9","hash":"41e06709d2afa0716543a45c29679441b892384a"}
,"C:\\Users\\tomsc\\Documents\\GitHub\\AI-Powered-African-Wildlife-Detection\\api\\src\\DiscoveryServer\\discoveryService.js": {"path":"C:\\Users\\tomsc\\Documents\\GitHub\\AI-Powered-African-Wildlife-Detection\\api\\src\\DiscoveryServer\\discoveryService.js","statementMap":{"0":{"start":{"line":4,"column":1},"end":{"line":22,"column":2}},"1":{"start":{"line":5,"column":18},"end":{"line":5,"column":59}},"2":{"start":{"line":11,"column":22},"end":{"line":11,"column":74}},"3":{"start":{"line":11,"column":45},"end":{"line":11,"column":73}},"4":{"start":{"line":14,"column":2},"end":{"line":16,"column":3}},"5":{"start":{"line":15,"column":3},"end":{"line":15,"column":83}},"6":{"start":{"line":18,"column":2},"end":{"line":18,"column":23}},"7":{"start":{"line":20,"column":2},"end":{"line":20,"column":66}},"8":{"start":{"line":21,"column":2},"end":{"line":21,"column":67}},"9":{"start":{"line":26,"column":1},"end":{"line":33,"column":2}},"10":{"start":{"line":27,"column":17},"end":{"line":27,"column":78}},"11":{"start":{"line":29,"column":2},"end":{"line":29,"column":16}},"12":{"start":{"line":31,"column":2},"end":{"line":31,"column":23}},"13":{"start":{"line":32,"column":2},"end":{"line":32,"column":58}},"14":{"start":{"line":36,"column":32},"end":{"line":39,"column":1}}},"fnMap":{"0":{"name":"getAllAnimals","decl":{"start":{"line":3,"column":15},"end":{"line":3,"column":28}},"loc":{"start":{"line":3,"column":31},"end":{"line":23,"column":1}},"line":3},"1":{"name":"(anonymous_1)","decl":{"start":{"line":11,"column":35},"end":{"line":11,"column":36}},"loc":{"start":{"line":11,"column":45},"end":{"line":11,"column":73}},"line":11},"2":{"name":"addNewAnimal","decl":{"start":{"line":25,"column":15},"end":{"line":25,"column":27}},"loc":{"start":{"line":25,"column":44},"end":{"line":34,"column":1}},"line":25}},"branchMap":{},"s":{"0":4,"1":4,"2":3,"3":41,"4":3,"5":42,"6":3,"7":1,"8":1,"9":2,"10":2,"11":1,"12":1,"13":1,"14":2},"f":{"0":4,"1":41,"2":2},"b":{},"inputSourceMap":null,"_coverageSchema":"1a1c01bbd47fc00a2c39e90264f33305004495a9","hash":"642fa5de66a654643696c588ee0bcd559c0baaf8"}
,"C:\\Users\\tomsc\\Documents\\GitHub\\AI-Powered-African-Wildlife-Detection\\api\\src\\db\\imageStorage.js": {"path":"C:\\Users\\tomsc\\Documents\\GitHub\\AI-Powered-African-Wildlife-Detection\\api\\src\\db\\imageStorage.js","statementMap":{"0":{"start":{"line":5,"column":0},"end":{"line":5,"column":16}},"1":{"start":{"line":9,"column":2},"end":{"line":16,"column":5}},"2":{"start":{"line":18,"column":2},"end":{"line":18,"column":43}},"3":{"start":{"line":22,"column":26},"end":{"line":22,"column":102}},"4":{"start":{"line":24,"column":23},"end":{"line":29,"column":3}},"5":{"start":{"line":31,"column":2},"end":{"line":37,"column":3}},"6":{"start":{"line":32,"column":3},"end":{"line":32,"column":66}},"7":{"start":{"line":33,"column":3},"end":{"line":33,"column":14}},"8":{"start":{"line":35,"column":3},"end":{"line":35,"column":24}},"9":{"start":{"line":36,"column":3},"end":{"line":36,"column":15}},"10":{"start":{"line":41,"column":22},"end":{"line":45,"column":3}},"11":{"start":{"line":47,"column":2},"end":{"line":53,"column":3}},"12":{"start":{"line":48,"column":15},"end":{"line":48,"column":108}},"13":{"start":{"line":49,"column":3},"end":{"line":49,"column":14}},"14":{"start":{"line":51,"column":3},"end":{"line":51,"column":24}},"15":{"start":{"line":52,"column":3},"end":{"line":52,"column":15}},"16":{"start":{"line":57,"column":11},"end":{"line":57,"column":29}}},"fnMap":{"0":{"name":"(anonymous_0)","decl":{"start":{"line":8,"column":1},"end":{"line":8,"column":2}},"loc":{"start":{"line":8,"column":15},"end":{"line":19,"column":2}},"line":8},"1":{"name":"(anonymous_1)","decl":{"start":{"line":21,"column":1},"end":{"line":21,"column":2}},"loc":{"start":{"line":21,"column":31},"end":{"line":38,"column":2}},"line":21},"2":{"name":"(anonymous_2)","decl":{"start":{"line":40,"column":1},"end":{"line":40,"column":2}},"loc":{"start":{"line":40,"column":23},"end":{"line":54,"column":2}},"line":40}},"branchMap":{},"s":{"0":1,"1":1,"2":1,"3":0,"4":0,"5":0,"6":0,"7":0,"8":0,"9":0,"10":39,"11":39,"12":39,"13":39,"14":0,"15":0,"16":1},"f":{"0":1,"1":0,"2":39},"b":{},"inputSourceMap":null,"_coverageSchema":"1a1c01bbd47fc00a2c39e90264f33305004495a9","hash":"717f97aad07037e08eb2321c68bd8829c3c2c61d"}
,"C:\\Users\\tomsc\\Documents\\GitHub\\AI-Powered-African-Wildlife-Detection\\api\\src\\db\\index.js": {"path":"C:\\Users\\tomsc\\Documents\\GitHub\\AI-Powered-African-Wildlife-Detection\\api\\src\\db\\index.js","statementMap":{"0":{"start":{"line":3,"column":0},"end":{"line":3,"column":16}},"1":{"start":{"line":7,"column":2},"end":{"line":9,"column":3}},"2":{"start":{"line":8,"column":3},"end":{"line":8,"column":28}},"3":{"start":{"line":11,"column":2},"end":{"line":17,"column":5}},"4":{"start":{"line":19,"column":2},"end":{"line":25,"column":69}},"5":{"start":{"line":22,"column":4},"end":{"line":22,"column":51}},"6":{"start":{"line":23,"column":4},"end":{"line":23,"column":21}},"7":{"start":{"line":25,"column":19},"end":{"line":25,"column":67}},"8":{"start":{"line":27,"column":2},"end":{"line":27,"column":27}},"9":{"start":{"line":31,"column":16},"end":{"line":31,"column":26}},"10":{"start":{"line":32,"column":14},"end":{"line":32,"column":49}},"11":{"start":{"line":33,"column":19},"end":{"line":33,"column":37}},"12":{"start":{"line":34,"column":2},"end":{"line":34,"column":72}},"13":{"start":{"line":35,"column":2},"end":{"line":35,"column":13}},"14":{"start":{"line":39,"column":2},"end":{"line":39,"column":24}},"15":{"start":{"line":43,"column":11},"end":{"line":43,"column":25}}},"fnMap":{"0":{"name":"(anonymous_0)","decl":{"start":{"line":6,"column":1},"end":{"line":6,"column":2}},"loc":{"start":{"line":6,"column":15},"end":{"line":28,"column":2}},"line":6},"1":{"name":"(anonymous_1)","decl":{"start":{"line":21,"column":9},"end":{"line":21,"column":10}},"loc":{"start":{"line":21,"column":21},"end":{"line":24,"column":4}},"line":21},"2":{"name":"(anonymous_2)","decl":{"start":{"line":25,"column":10},"end":{"line":25,"column":11}},"loc":{"start":{"line":25,"column":19},"end":{"line":25,"column":67}},"line":25},"3":{"name":"(anonymous_3)","decl":{"start":{"line":30,"column":1},"end":{"line":30,"column":2}},"loc":{"start":{"line":30,"column":27},"end":{"line":36,"column":2}},"line":30},"4":{"name":"(anonymous_4)","decl":{"start":{"line":38,"column":1},"end":{"line":38,"column":2}},"loc":{"start":{"line":38,"column":15},"end":{"line":40,"column":2}},"line":38}},"branchMap":{"0":{"loc":{"start":{"line":7,"column":2},"end":{"line":9,"column":3}},"type":"if","locations":[{"start":{"line":7,"column":2},"end":{"line":9,"column":3}},{"start":{},"end":{}}],"line":7},"1":{"loc":{"start":{"line":13,"column":4},"end":{"line":13,"column":100}},"type":"cond-expr","locations":[{"start":{"line":13,"column":40},"end":{"line":13,"column":68}},{"start":{"line":13,"column":71},"end":{"line":13,"column":100}}],"line":13}},"s":{"0":2,"1":2,"2":0,"3":2,"4":2,"5":2,"6":2,"7":0,"8":2,"9":9,"10":9,"11":9,"12":9,"13":9,"14":2,"15":2},"f":{"0":2,"1":2,"2":0,"3":9,"4":2},"b":{"0":[0,2],"1":[2,0]},"inputSourceMap":null,"_coverageSchema":"1a1c01bbd47fc00a2c39e90264f33305004495a9","hash":"4b2f686c2ca884154cc2ae8de6a0cefff21262dd"}
}
