{"C:\\Users\\ruane\\OneDrive\\Documents\\ReturnZero\\AI-Powered-African-Wildlife-Detection\\api\\src\\app.js": {"path":"C:\\Users\\ruane\\OneDrive\\Documents\\ReturnZero\\AI-Powered-African-Wildlife-Detection\\api\\src\\app.js","statementMap":{"0":{"start":{"line":5,"column":12},"end":{"line":5,"column":21}},"1":{"start":{"line":7,"column":23},"end":{"line":12,"column":1}},"2":{"start":{"line":14,"column":0},"end":{"line":30,"column":4}},"3":{"start":{"line":16,"column":2},"end":{"line":16,"column":43}},"4":{"start":{"line":16,"column":15},"end":{"line":16,"column":43}},"5":{"start":{"line":18,"column":2},"end":{"line":20,"column":3}},"6":{"start":{"line":19,"column":3},"end":{"line":19,"column":31}},"7":{"start":{"line":22,"column":2},"end":{"line":24,"column":3}},"8":{"start":{"line":23,"column":3},"end":{"line":23,"column":31}},"9":{"start":{"line":26,"column":2},"end":{"line":26,"column":52}},"10":{"start":{"line":32,"column":0},"end":{"line":32,"column":25}},"11":{"start":{"line":34,"column":0},"end":{"line":34,"column":24}},"12":{"start":{"line":36,"column":18},"end":{"line":36,"column":47}},"13":{"start":{"line":37,"column":22},"end":{"line":37,"column":55}},"14":{"start":{"line":38,"column":23},"end":{"line":38,"column":57}},"15":{"start":{"line":39,"column":18},"end":{"line":39,"column":47}},"16":{"start":{"line":41,"column":21},"end":{"line":41,"column":54}},"17":{"start":{"line":43,"column":0},"end":{"line":54,"column":3}},"18":{"start":{"line":45,"column":1},"end":{"line":47,"column":2}},"19":{"start":{"line":46,"column":2},"end":{"line":46,"column":16}},"20":{"start":{"line":49,"column":1},"end":{"line":49,"column":48}},"21":{"start":{"line":52,"column":1},"end":{"line":52,"column":59}},"22":{"start":{"line":53,"column":1},"end":{"line":53,"column":8}},"23":{"start":{"line":57,"column":0},"end":{"line":64,"column":2}},"24":{"start":{"line":61,"column":3},"end":{"line":61,"column":47}},"25":{"start":{"line":66,"column":0},"end":{"line":73,"column":2}},"26":{"start":{"line":70,"column":3},"end":{"line":70,"column":51}},"27":{"start":{"line":75,"column":0},"end":{"line":82,"column":2}},"28":{"start":{"line":79,"column":3},"end":{"line":79,"column":52}},"29":{"start":{"line":84,"column":0},"end":{"line":91,"column":2}},"30":{"start":{"line":88,"column":3},"end":{"line":88,"column":48}},"31":{"start":{"line":94,"column":0},"end":{"line":96,"column":3}},"32":{"start":{"line":95,"column":1},"end":{"line":95,"column":46}}},"fnMap":{"0":{"name":"(anonymous_0)","decl":{"start":{"line":15,"column":9},"end":{"line":15,"column":10}},"loc":{"start":{"line":15,"column":31},"end":{"line":27,"column":2}},"line":15},"1":{"name":"(anonymous_1)","decl":{"start":{"line":43,"column":8},"end":{"line":43,"column":9}},"loc":{"start":{"line":43,"column":28},"end":{"line":54,"column":1}},"line":43},"2":{"name":"(anonymous_2)","decl":{"start":{"line":60,"column":24},"end":{"line":60,"column":25}},"loc":{"start":{"line":60,"column":33},"end":{"line":62,"column":3}},"line":60},"3":{"name":"(anonymous_3)","decl":{"start":{"line":69,"column":24},"end":{"line":69,"column":25}},"loc":{"start":{"line":69,"column":33},"end":{"line":71,"column":3}},"line":69},"4":{"name":"(anonymous_4)","decl":{"start":{"line":78,"column":24},"end":{"line":78,"column":25}},"loc":{"start":{"line":78,"column":33},"end":{"line":80,"column":3}},"line":78},"5":{"name":"(anonymous_5)","decl":{"start":{"line":87,"column":24},"end":{"line":87,"column":25}},"loc":{"start":{"line":87,"column":33},"end":{"line":89,"column":3}},"line":87},"6":{"name":"(anonymous_6)","decl":{"start":{"line":94,"column":8},"end":{"line":94,"column":9}},"loc":{"start":{"line":94,"column":22},"end":{"line":96,"column":1}},"line":94}},"branchMap":{"0":{"loc":{"start":{"line":16,"column":2},"end":{"line":16,"column":43}},"type":"if","locations":[{"start":{"line":16,"column":2},"end":{"line":16,"column":43}},{"start":{},"end":{}}],"line":16},"1":{"loc":{"start":{"line":18,"column":2},"end":{"line":20,"column":3}},"type":"if","locations":[{"start":{"line":18,"column":2},"end":{"line":20,"column":3}},{"start":{},"end":{}}],"line":18},"2":{"loc":{"start":{"line":18,"column":6},"end":{"line":18,"column":97}},"type":"binary-expr","locations":[{"start":{"line":18,"column":6},"end":{"line":18,"column":48}},{"start":{"line":18,"column":52},"end":{"line":18,"column":97}}],"line":18},"3":{"loc":{"start":{"line":22,"column":2},"end":{"line":24,"column":3}},"type":"if","locations":[{"start":{"line":22,"column":2},"end":{"line":24,"column":3}},{"start":{},"end":{}}],"line":22},"4":{"loc":{"start":{"line":36,"column":18},"end":{"line":36,"column":47}},"type":"binary-expr","locations":[{"start":{"line":36,"column":18},"end":{"line":36,"column":39}},{"start":{"line":36,"column":43},"end":{"line":36,"column":47}}],"line":36},"5":{"loc":{"start":{"line":37,"column":22},"end":{"line":37,"column":55}},"type":"binary-expr","locations":[{"start":{"line":37,"column":22},"end":{"line":37,"column":47}},{"start":{"line":37,"column":51},"end":{"line":37,"column":55}}],"line":37},"6":{"loc":{"start":{"line":38,"column":23},"end":{"line":38,"column":57}},"type":"binary-expr","locations":[{"start":{"line":38,"column":23},"end":{"line":38,"column":49}},{"start":{"line":38,"column":53},"end":{"line":38,"column":57}}],"line":38},"7":{"loc":{"start":{"line":39,"column":18},"end":{"line":39,"column":47}},"type":"binary-expr","locations":[{"start":{"line":39,"column":18},"end":{"line":39,"column":39}},{"start":{"line":39,"column":43},"end":{"line":39,"column":47}}],"line":39},"8":{"loc":{"start":{"line":45,"column":1},"end":{"line":47,"column":2}},"type":"if","locations":[{"start":{"line":45,"column":1},"end":{"line":47,"column":2}},{"start":{},"end":{}}],"line":45}},"s":{"0":2,"1":2,"2":2,"3":5,"4":5,"5":0,"6":0,"7":0,"8":0,"9":0,"10":2,"11":2,"12":2,"13":2,"14":2,"15":2,"16":2,"17":2,"18":5,"19":3,"20":2,"21":2,"22":2,"23":2,"24":3,"25":2,"26":0,"27":2,"28":0,"29":2,"30":0,"31":2,"32":2},"f":{"0":5,"1":5,"2":3,"3":0,"4":0,"5":0,"6":2},"b":{"0":[5,0],"1":[0,0],"2":[0,0],"3":[0,0],"4":[2,2],"5":[2,2],"6":[2,2],"7":[2,2],"8":[3,2]},"inputSourceMap":null,"_coverageSchema":"1a1c01bbd47fc00a2c39e90264f33305004495a9","hash":"993360232c90d73455d98d1671a48feaf1c52976"}
,"C:\\Users\\ruane\\OneDrive\\Documents\\ReturnZero\\AI-Powered-African-Wildlife-Detection\\api\\src\\AuthenticationServer\\authController.js": {"path":"C:\\Users\\ruane\\OneDrive\\Documents\\ReturnZero\\AI-Powered-African-Wildlife-Detection\\api\\src\\AuthenticationServer\\authController.js","statementMap":{"0":{"start":{"line":4,"column":1},"end":{"line":20,"column":2}},"1":{"start":{"line":5,"column":40},"end":{"line":5,"column":48}},"2":{"start":{"line":6,"column":16},"end":{"line":6,"column":77}},"3":{"start":{"line":7,"column":2},"end":{"line":9,"column":3}},"4":{"start":{"line":8,"column":3},"end":{"line":8,"column":70}},"5":{"start":{"line":10,"column":2},"end":{"line":15,"column":5}},"6":{"start":{"line":16,"column":2},"end":{"line":16,"column":68}},"7":{"start":{"line":19,"column":2},"end":{"line":19,"column":59}},"8":{"start":{"line":24,"column":1},"end":{"line":40,"column":2}},"9":{"start":{"line":25,"column":33},"end":{"line":25,"column":41}},"10":{"start":{"line":26,"column":16},"end":{"line":26,"column":67}},"11":{"start":{"line":27,"column":2},"end":{"line":29,"column":3}},"12":{"start":{"line":28,"column":3},"end":{"line":28,"column":74}},"13":{"start":{"line":30,"column":2},"end":{"line":35,"column":5}},"14":{"start":{"line":36,"column":2},"end":{"line":36,"column":67}},"15":{"start":{"line":39,"column":2},"end":{"line":39,"column":59}},"16":{"start":{"line":44,"column":1},"end":{"line":51,"column":2}},"17":{"start":{"line":45,"column":21},"end":{"line":45,"column":29}},"18":{"start":{"line":47,"column":2},"end":{"line":47,"column":27}},"19":{"start":{"line":48,"column":2},"end":{"line":48,"column":68}},"20":{"start":{"line":50,"column":2},"end":{"line":50,"column":59}},"21":{"start":{"line":54,"column":30},"end":{"line":58,"column":1}}},"fnMap":{"0":{"name":"registerUser","decl":{"start":{"line":3,"column":15},"end":{"line":3,"column":27}},"loc":{"start":{"line":3,"column":38},"end":{"line":21,"column":1}},"line":3},"1":{"name":"loginUser","decl":{"start":{"line":23,"column":15},"end":{"line":23,"column":24}},"loc":{"start":{"line":23,"column":35},"end":{"line":41,"column":1}},"line":23},"2":{"name":"logoutUser","decl":{"start":{"line":43,"column":15},"end":{"line":43,"column":25}},"loc":{"start":{"line":43,"column":36},"end":{"line":52,"column":1}},"line":43}},"branchMap":{"0":{"loc":{"start":{"line":7,"column":2},"end":{"line":9,"column":3}},"type":"if","locations":[{"start":{"line":7,"column":2},"end":{"line":9,"column":3}},{"start":{},"end":{}}],"line":7},"1":{"loc":{"start":{"line":27,"column":2},"end":{"line":29,"column":3}},"type":"if","locations":[{"start":{"line":27,"column":2},"end":{"line":29,"column":3}},{"start":{},"end":{}}],"line":27}},"s":{"0":5,"1":5,"2":5,"3":4,"4":1,"5":3,"6":3,"7":1,"8":4,"9":4,"10":4,"11":3,"12":1,"13":2,"14":2,"15":1,"16":2,"17":2,"18":2,"19":1,"20":1,"21":2},"f":{"0":5,"1":4,"2":2},"b":{"0":[1,3],"1":[1,2]},"inputSourceMap":null,"_coverageSchema":"1a1c01bbd47fc00a2c39e90264f33305004495a9","hash":"e4c29558f0df740b70a75fc67cc923da8ec5505c"}
,"C:\\Users\\ruane\\OneDrive\\Documents\\ReturnZero\\AI-Powered-African-Wildlife-Detection\\api\\src\\AuthenticationServer\\authRepository.js": {"path":"C:\\Users\\ruane\\OneDrive\\Documents\\ReturnZero\\AI-Powered-African-Wildlife-Detection\\api\\src\\AuthenticationServer\\authRepository.js","statementMap":{"0":{"start":{"line":5,"column":39},"end":{"line":5,"column":47}},"1":{"start":{"line":6,"column":16},"end":{"line":6,"column":25}},"2":{"start":{"line":8,"column":1},"end":{"line":18,"column":5}},"3":{"start":{"line":14,"column":3},"end":{"line":14,"column":42}},"4":{"start":{"line":17,"column":3},"end":{"line":17,"column":60}},"5":{"start":{"line":22,"column":1},"end":{"line":29,"column":5}},"6":{"start":{"line":25,"column":3},"end":{"line":25,"column":33}},"7":{"start":{"line":28,"column":3},"end":{"line":28,"column":60}},"8":{"start":{"line":33,"column":1},"end":{"line":40,"column":5}},"9":{"start":{"line":36,"column":3},"end":{"line":36,"column":33}},"10":{"start":{"line":39,"column":3},"end":{"line":39,"column":60}},"11":{"start":{"line":44,"column":39},"end":{"line":44,"column":50}},"12":{"start":{"line":46,"column":1},"end":{"line":57,"column":5}},"13":{"start":{"line":53,"column":3},"end":{"line":53,"column":33}},"14":{"start":{"line":56,"column":3},"end":{"line":56,"column":72}},"15":{"start":{"line":61,"column":1},"end":{"line":68,"column":5}},"16":{"start":{"line":64,"column":3},"end":{"line":64,"column":51}},"17":{"start":{"line":67,"column":3},"end":{"line":67,"column":60}},"18":{"start":{"line":72,"column":1},"end":{"line":79,"column":5}},"19":{"start":{"line":75,"column":3},"end":{"line":75,"column":22}},"20":{"start":{"line":78,"column":3},"end":{"line":78,"column":65}},"21":{"start":{"line":83,"column":1},"end":{"line":90,"column":5}},"22":{"start":{"line":86,"column":3},"end":{"line":86,"column":35}},"23":{"start":{"line":89,"column":3},"end":{"line":89,"column":70}},"24":{"start":{"line":93,"column":30},"end":{"line":101,"column":1}}},"fnMap":{"0":{"name":"createUser","decl":{"start":{"line":4,"column":15},"end":{"line":4,"column":25}},"loc":{"start":{"line":4,"column":36},"end":{"line":19,"column":1}},"line":4},"1":{"name":"(anonymous_1)","decl":{"start":{"line":13,"column":8},"end":{"line":13,"column":9}},"loc":{"start":{"line":13,"column":14},"end":{"line":15,"column":3}},"line":13},"2":{"name":"(anonymous_2)","decl":{"start":{"line":16,"column":9},"end":{"line":16,"column":10}},"loc":{"start":{"line":16,"column":20},"end":{"line":18,"column":3}},"line":16},"3":{"name":"getUserById","decl":{"start":{"line":21,"column":15},"end":{"line":21,"column":26}},"loc":{"start":{"line":21,"column":35},"end":{"line":30,"column":1}},"line":21},"4":{"name":"(anonymous_4)","decl":{"start":{"line":24,"column":8},"end":{"line":24,"column":9}},"loc":{"start":{"line":24,"column":20},"end":{"line":26,"column":3}},"line":24},"5":{"name":"(anonymous_5)","decl":{"start":{"line":27,"column":9},"end":{"line":27,"column":10}},"loc":{"start":{"line":27,"column":20},"end":{"line":29,"column":3}},"line":27},"6":{"name":"getUserByUsername","decl":{"start":{"line":32,"column":15},"end":{"line":32,"column":32}},"loc":{"start":{"line":32,"column":43},"end":{"line":41,"column":1}},"line":32},"7":{"name":"(anonymous_7)","decl":{"start":{"line":35,"column":8},"end":{"line":35,"column":9}},"loc":{"start":{"line":35,"column":20},"end":{"line":37,"column":3}},"line":35},"8":{"name":"(anonymous_8)","decl":{"start":{"line":38,"column":9},"end":{"line":38,"column":10}},"loc":{"start":{"line":38,"column":20},"end":{"line":40,"column":3}},"line":38},"9":{"name":"updateUserPreferences","decl":{"start":{"line":43,"column":15},"end":{"line":43,"column":36}},"loc":{"start":{"line":43,"column":58},"end":{"line":58,"column":1}},"line":43},"10":{"name":"(anonymous_10)","decl":{"start":{"line":52,"column":8},"end":{"line":52,"column":9}},"loc":{"start":{"line":52,"column":20},"end":{"line":54,"column":3}},"line":52},"11":{"name":"(anonymous_11)","decl":{"start":{"line":55,"column":9},"end":{"line":55,"column":10}},"loc":{"start":{"line":55,"column":20},"end":{"line":57,"column":3}},"line":55},"12":{"name":"deleteUser","decl":{"start":{"line":60,"column":15},"end":{"line":60,"column":25}},"loc":{"start":{"line":60,"column":34},"end":{"line":69,"column":1}},"line":60},"13":{"name":"(anonymous_13)","decl":{"start":{"line":63,"column":8},"end":{"line":63,"column":9}},"loc":{"start":{"line":63,"column":14},"end":{"line":65,"column":3}},"line":63},"14":{"name":"(anonymous_14)","decl":{"start":{"line":66,"column":9},"end":{"line":66,"column":10}},"loc":{"start":{"line":66,"column":20},"end":{"line":68,"column":3}},"line":66},"15":{"name":"getAllUsers","decl":{"start":{"line":71,"column":15},"end":{"line":71,"column":26}},"loc":{"start":{"line":71,"column":29},"end":{"line":80,"column":1}},"line":71},"16":{"name":"(anonymous_16)","decl":{"start":{"line":74,"column":8},"end":{"line":74,"column":9}},"loc":{"start":{"line":74,"column":20},"end":{"line":76,"column":3}},"line":74},"17":{"name":"(anonymous_17)","decl":{"start":{"line":77,"column":9},"end":{"line":77,"column":10}},"loc":{"start":{"line":77,"column":20},"end":{"line":79,"column":3}},"line":77},"18":{"name":"userExists","decl":{"start":{"line":82,"column":15},"end":{"line":82,"column":25}},"loc":{"start":{"line":82,"column":36},"end":{"line":91,"column":1}},"line":82},"19":{"name":"(anonymous_19)","decl":{"start":{"line":85,"column":8},"end":{"line":85,"column":9}},"loc":{"start":{"line":85,"column":20},"end":{"line":87,"column":3}},"line":85},"20":{"name":"(anonymous_20)","decl":{"start":{"line":88,"column":9},"end":{"line":88,"column":10}},"loc":{"start":{"line":88,"column":20},"end":{"line":90,"column":3}},"line":88}},"branchMap":{"0":{"loc":{"start":{"line":25,"column":10},"end":{"line":25,"column":32}},"type":"binary-expr","locations":[{"start":{"line":25,"column":10},"end":{"line":25,"column":24}},{"start":{"line":25,"column":28},"end":{"line":25,"column":32}}],"line":25},"1":{"loc":{"start":{"line":36,"column":10},"end":{"line":36,"column":32}},"type":"binary-expr","locations":[{"start":{"line":36,"column":10},"end":{"line":36,"column":24}},{"start":{"line":36,"column":28},"end":{"line":36,"column":32}}],"line":36},"2":{"loc":{"start":{"line":53,"column":10},"end":{"line":53,"column":32}},"type":"binary-expr","locations":[{"start":{"line":53,"column":10},"end":{"line":53,"column":24}},{"start":{"line":53,"column":28},"end":{"line":53,"column":32}}],"line":53}},"s":{"0":4,"1":4,"2":4,"3":3,"4":1,"5":3,"6":2,"7":1,"8":4,"9":3,"10":1,"11":3,"12":3,"13":2,"14":1,"15":2,"16":1,"17":1,"18":3,"19":2,"20":1,"21":5,"22":4,"23":1,"24":2},"f":{"0":4,"1":3,"2":1,"3":3,"4":2,"5":1,"6":4,"7":3,"8":1,"9":3,"10":2,"11":1,"12":2,"13":1,"14":1,"15":3,"16":2,"17":1,"18":5,"19":4,"20":1},"b":{"0":[2,1],"1":[3,1],"2":[2,1]},"inputSourceMap":null,"_coverageSchema":"1a1c01bbd47fc00a2c39e90264f33305004495a9","hash":"63ed1c4e014d6b27a0f08ca4c469a911ef6d4fe6"}
,"C:\\Users\\ruane\\OneDrive\\Documents\\ReturnZero\\AI-Powered-African-Wildlife-Detection\\api\\src\\AuthenticationServer\\authRoute.js": {"path":"C:\\Users\\ruane\\OneDrive\\Documents\\ReturnZero\\AI-Powered-African-Wildlife-Detection\\api\\src\\AuthenticationServer\\authRoute.js","statementMap":{"0":{"start":{"line":4,"column":16},"end":{"line":4,"column":25}},"1":{"start":{"line":5,"column":0},"end":{"line":5,"column":28}},"2":{"start":{"line":8,"column":0},"end":{"line":8,"column":55}},"3":{"start":{"line":9,"column":0},"end":{"line":9,"column":49}},"4":{"start":{"line":10,"column":0},"end":{"line":10,"column":51}}},"fnMap":{},"branchMap":{},"s":{"0":1,"1":1,"2":1,"3":1,"4":1},"f":{},"b":{},"inputSourceMap":null,"_coverageSchema":"1a1c01bbd47fc00a2c39e90264f33305004495a9","hash":"aab669455dd580ee3db739981b5dc3a2e9fed73c"}
,"C:\\Users\\ruane\\OneDrive\\Documents\\ReturnZero\\AI-Powered-African-Wildlife-Detection\\api\\src\\AuthenticationServer\\authService.js": {"path":"C:\\Users\\ruane\\OneDrive\\Documents\\ReturnZero\\AI-Powered-African-Wildlife-Detection\\api\\src\\AuthenticationServer\\authService.js","statementMap":{"0":{"start":{"line":6,"column":18},"end":{"line":6,"column":47}},"1":{"start":{"line":7,"column":1},"end":{"line":9,"column":2}},"2":{"start":{"line":8,"column":2},"end":{"line":8,"column":64}},"3":{"start":{"line":10,"column":1},"end":{"line":12,"column":2}},"4":{"start":{"line":11,"column":2},"end":{"line":11,"column":45}},"5":{"start":{"line":13,"column":1},"end":{"line":27,"column":2}},"6":{"start":{"line":14,"column":25},"end":{"line":14,"column":65}},"7":{"start":{"line":15,"column":15},"end":{"line":18,"column":4}},"8":{"start":{"line":20,"column":16},"end":{"line":22,"column":4}},"9":{"start":{"line":24,"column":2},"end":{"line":24,"column":15}},"10":{"start":{"line":26,"column":2},"end":{"line":26,"column":62}},"11":{"start":{"line":31,"column":1},"end":{"line":33,"column":2}},"12":{"start":{"line":32,"column":2},"end":{"line":32,"column":56}},"13":{"start":{"line":35,"column":1},"end":{"line":51,"column":2}},"14":{"start":{"line":36,"column":15},"end":{"line":36,"column":63}},"15":{"start":{"line":37,"column":2},"end":{"line":39,"column":3}},"16":{"start":{"line":38,"column":3},"end":{"line":38,"column":51}},"17":{"start":{"line":40,"column":26},"end":{"line":40,"column":76}},"18":{"start":{"line":41,"column":2},"end":{"line":43,"column":3}},"19":{"start":{"line":42,"column":3},"end":{"line":42,"column":51}},"20":{"start":{"line":45,"column":16},"end":{"line":47,"column":4}},"21":{"start":{"line":48,"column":2},"end":{"line":48,"column":15}},"22":{"start":{"line":50,"column":2},"end":{"line":50,"column":61}},"23":{"start":{"line":55,"column":1},"end":{"line":57,"column":2}},"24":{"start":{"line":56,"column":2},"end":{"line":56,"column":41}},"25":{"start":{"line":58,"column":1},"end":{"line":68,"column":2}},"26":{"start":{"line":61,"column":15},"end":{"line":61,"column":55}},"27":{"start":{"line":62,"column":2},"end":{"line":64,"column":3}},"28":{"start":{"line":63,"column":3},"end":{"line":63,"column":37}},"29":{"start":{"line":65,"column":2},"end":{"line":65,"column":53}},"30":{"start":{"line":67,"column":2},"end":{"line":67,"column":62}},"31":{"start":{"line":71,"column":27},"end":{"line":75,"column":1}}},"fnMap":{"0":{"name":"registerUser","decl":{"start":{"line":5,"column":15},"end":{"line":5,"column":27}},"loc":{"start":{"line":5,"column":59},"end":{"line":28,"column":1}},"line":5},"1":{"name":"loginUser","decl":{"start":{"line":30,"column":15},"end":{"line":30,"column":24}},"loc":{"start":{"line":30,"column":49},"end":{"line":52,"column":1}},"line":30},"2":{"name":"logoutUser","decl":{"start":{"line":54,"column":15},"end":{"line":54,"column":25}},"loc":{"start":{"line":54,"column":34},"end":{"line":69,"column":1}},"line":54}},"branchMap":{"0":{"loc":{"start":{"line":7,"column":1},"end":{"line":9,"column":2}},"type":"if","locations":[{"start":{"line":7,"column":1},"end":{"line":9,"column":2}},{"start":{},"end":{}}],"line":7},"1":{"loc":{"start":{"line":7,"column":5},"end":{"line":7,"column":64}},"type":"binary-expr","locations":[{"start":{"line":7,"column":5},"end":{"line":7,"column":23}},{"start":{"line":7,"column":27},"end":{"line":7,"column":45}},{"start":{"line":7,"column":49},"end":{"line":7,"column":64}}],"line":7},"2":{"loc":{"start":{"line":10,"column":1},"end":{"line":12,"column":2}},"type":"if","locations":[{"start":{"line":10,"column":1},"end":{"line":12,"column":2}},{"start":{},"end":{}}],"line":10},"3":{"loc":{"start":{"line":31,"column":1},"end":{"line":33,"column":2}},"type":"if","locations":[{"start":{"line":31,"column":1},"end":{"line":33,"column":2}},{"start":{},"end":{}}],"line":31},"4":{"loc":{"start":{"line":31,"column":5},"end":{"line":31,"column":27}},"type":"binary-expr","locations":[{"start":{"line":31,"column":5},"end":{"line":31,"column":14}},{"start":{"line":31,"column":18},"end":{"line":31,"column":27}}],"line":31},"5":{"loc":{"start":{"line":37,"column":2},"end":{"line":39,"column":3}},"type":"if","locations":[{"start":{"line":37,"column":2},"end":{"line":39,"column":3}},{"start":{},"end":{}}],"line":37},"6":{"loc":{"start":{"line":41,"column":2},"end":{"line":43,"column":3}},"type":"if","locations":[{"start":{"line":41,"column":2},"end":{"line":43,"column":3}},{"start":{},"end":{}}],"line":41},"7":{"loc":{"start":{"line":55,"column":1},"end":{"line":57,"column":2}},"type":"if","locations":[{"start":{"line":55,"column":1},"end":{"line":57,"column":2}},{"start":{},"end":{}}],"line":55},"8":{"loc":{"start":{"line":62,"column":2},"end":{"line":64,"column":3}},"type":"if","locations":[{"start":{"line":62,"column":2},"end":{"line":64,"column":3}},{"start":{},"end":{}}],"line":62}},"s":{"0":6,"1":6,"2":1,"3":5,"4":1,"5":4,"6":4,"7":4,"8":3,"9":3,"10":1,"11":6,"12":1,"13":5,"14":5,"15":4,"16":1,"17":3,"18":3,"19":1,"20":2,"21":2,"22":3,"23":4,"24":1,"25":3,"26":3,"27":2,"28":1,"29":1,"30":2,"31":2},"f":{"0":6,"1":6,"2":4},"b":{"0":[1,5],"1":[6,5,5],"2":[1,4],"3":[1,5],"4":[6,5],"5":[1,3],"6":[1,2],"7":[1,3],"8":[1,1]},"inputSourceMap":null,"_coverageSchema":"1a1c01bbd47fc00a2c39e90264f33305004495a9","hash":"dfe70dcc63f8218209ab22ad6c6a75762d50f4ef"}
,"C:\\Users\\ruane\\OneDrive\\Documents\\ReturnZero\\AI-Powered-African-Wildlife-Detection\\api\\src\\DiscoveryServer\\discoveryController.js": {"path":"C:\\Users\\ruane\\OneDrive\\Documents\\ReturnZero\\AI-Powered-African-Wildlife-Detection\\api\\src\\DiscoveryServer\\discoveryController.js","statementMap":{"0":{"start":{"line":4,"column":1},"end":{"line":18,"column":2}},"1":{"start":{"line":5,"column":18},"end":{"line":5,"column":56}},"2":{"start":{"line":7,"column":2},"end":{"line":11,"column":5}},"3":{"start":{"line":13,"column":2},"end":{"line":13,"column":61}},"4":{"start":{"line":14,"column":2},"end":{"line":17,"column":5}},"5":{"start":{"line":22,"column":1},"end":{"line":33,"column":2}},"6":{"start":{"line":23,"column":2},"end":{"line":27,"column":5}},"7":{"start":{"line":29,"column":2},"end":{"line":32,"column":5}},"8":{"start":{"line":36,"column":35},"end":{"line":39,"column":1}}},"fnMap":{"0":{"name":"getAllAnimals","decl":{"start":{"line":3,"column":15},"end":{"line":3,"column":28}},"loc":{"start":{"line":3,"column":39},"end":{"line":19,"column":1}},"line":3},"1":{"name":"getMapSightings","decl":{"start":{"line":21,"column":15},"end":{"line":21,"column":30}},"loc":{"start":{"line":21,"column":41},"end":{"line":34,"column":1}},"line":21}},"branchMap":{},"s":{"0":3,"1":3,"2":2,"3":1,"4":1,"5":0,"6":0,"7":0,"8":2},"f":{"0":3,"1":0},"b":{},"inputSourceMap":null,"_coverageSchema":"1a1c01bbd47fc00a2c39e90264f33305004495a9","hash":"5414ebbe7a3c122082ef718f39fe4de4be7c8b74"}
,"C:\\Users\\ruane\\OneDrive\\Documents\\ReturnZero\\AI-Powered-African-Wildlife-Detection\\api\\src\\DiscoveryServer\\discoveryRepository.js": {"path":"C:\\Users\\ruane\\OneDrive\\Documents\\ReturnZero\\AI-Powered-African-Wildlife-Detection\\api\\src\\DiscoveryServer\\discoveryRepository.js","statementMap":{"0":{"start":{"line":3,"column":20},"end":{"line":132,"column":1}},"1":{"start":{"line":135,"column":1},"end":{"line":146,"column":2}},"2":{"start":{"line":136,"column":16},"end":{"line":136,"column":57}},"3":{"start":{"line":137,"column":17},"end":{"line":137,"column":38}},"4":{"start":{"line":138,"column":2},"end":{"line":138,"column":21}},"5":{"start":{"line":140,"column":2},"end":{"line":140,"column":65}},"6":{"start":{"line":143,"column":2},"end":{"line":143,"column":66}},"7":{"start":{"line":145,"column":2},"end":{"line":145,"column":21}},"8":{"start":{"line":149,"column":35},"end":{"line":151,"column":1}}},"fnMap":{"0":{"name":"getAllAnimals","decl":{"start":{"line":134,"column":15},"end":{"line":134,"column":28}},"loc":{"start":{"line":134,"column":31},"end":{"line":147,"column":1}},"line":134}},"branchMap":{},"s":{"0":2,"1":3,"2":3,"3":3,"4":2,"5":1,"6":1,"7":1,"8":2},"f":{"0":3},"b":{},"inputSourceMap":null,"_coverageSchema":"1a1c01bbd47fc00a2c39e90264f33305004495a9","hash":"5a3c15079b0520105ada0404eba661b7a0428038"}
,"C:\\Users\\ruane\\OneDrive\\Documents\\ReturnZero\\AI-Powered-African-Wildlife-Detection\\api\\src\\DiscoveryServer\\discoveryRoute.js": {"path":"C:\\Users\\ruane\\OneDrive\\Documents\\ReturnZero\\AI-Powered-African-Wildlife-Detection\\api\\src\\DiscoveryServer\\discoveryRoute.js","statementMap":{"0":{"start":{"line":4,"column":21},"end":{"line":4,"column":30}},"1":{"start":{"line":5,"column":0},"end":{"line":5,"column":33}},"2":{"start":{"line":7,"column":0},"end":{"line":7,"column":65}},"3":{"start":{"line":9,"column":0},"end":{"line":9,"column":68}}},"fnMap":{},"branchMap":{},"s":{"0":1,"1":1,"2":1,"3":1},"f":{},"b":{},"inputSourceMap":null,"_coverageSchema":"1a1c01bbd47fc00a2c39e90264f33305004495a9","hash":"6b55956e4a4146c96fe610d36e3f0762f99e1a81"}
,"C:\\Users\\ruane\\OneDrive\\Documents\\ReturnZero\\AI-Powered-African-Wildlife-Detection\\api\\src\\DiscoveryServer\\discoveryService.js": {"path":"C:\\Users\\ruane\\OneDrive\\Documents\\ReturnZero\\AI-Powered-African-Wildlife-Detection\\api\\src\\DiscoveryServer\\discoveryService.js","statementMap":{"0":{"start":{"line":4,"column":1},"end":{"line":17,"column":2}},"1":{"start":{"line":5,"column":18},"end":{"line":5,"column":59}},"2":{"start":{"line":11,"column":24},"end":{"line":11,"column":76}},"3":{"start":{"line":11,"column":47},"end":{"line":11,"column":75}},"4":{"start":{"line":13,"column":2},"end":{"line":13,"column":23}},"5":{"start":{"line":15,"column":2},"end":{"line":15,"column":66}},"6":{"start":{"line":16,"column":2},"end":{"line":16,"column":67}},"7":{"start":{"line":20,"column":32},"end":{"line":22,"column":1}}},"fnMap":{"0":{"name":"getAllAnimals","decl":{"start":{"line":3,"column":15},"end":{"line":3,"column":28}},"loc":{"start":{"line":3,"column":31},"end":{"line":18,"column":1}},"line":3},"1":{"name":"(anonymous_1)","decl":{"start":{"line":11,"column":37},"end":{"line":11,"column":38}},"loc":{"start":{"line":11,"column":47},"end":{"line":11,"column":75}},"line":11}},"branchMap":{},"s":{"0":3,"1":3,"2":2,"3":3,"4":2,"5":1,"6":1,"7":2},"f":{"0":3,"1":3},"b":{},"inputSourceMap":null,"_coverageSchema":"1a1c01bbd47fc00a2c39e90264f33305004495a9","hash":"8ed2366a4dda2c50ddcce80a74840930040db1cd"}
,"C:\\Users\\ruane\\OneDrive\\Documents\\ReturnZero\\AI-Powered-African-Wildlife-Detection\\api\\src\\db\\index.js": {"path":"C:\\Users\\ruane\\OneDrive\\Documents\\ReturnZero\\AI-Powered-African-Wildlife-Detection\\api\\src\\db\\index.js","statementMap":{"0":{"start":{"line":3,"column":0},"end":{"line":3,"column":16}},"1":{"start":{"line":7,"column":2},"end":{"line":9,"column":3}},"2":{"start":{"line":8,"column":3},"end":{"line":8,"column":28}},"3":{"start":{"line":11,"column":2},"end":{"line":17,"column":5}},"4":{"start":{"line":19,"column":2},"end":{"line":25,"column":69}},"5":{"start":{"line":22,"column":4},"end":{"line":22,"column":51}},"6":{"start":{"line":23,"column":4},"end":{"line":23,"column":21}},"7":{"start":{"line":25,"column":19},"end":{"line":25,"column":67}},"8":{"start":{"line":27,"column":2},"end":{"line":27,"column":27}},"9":{"start":{"line":31,"column":16},"end":{"line":31,"column":26}},"10":{"start":{"line":32,"column":14},"end":{"line":32,"column":49}},"11":{"start":{"line":33,"column":19},"end":{"line":33,"column":37}},"12":{"start":{"line":34,"column":2},"end":{"line":34,"column":72}},"13":{"start":{"line":35,"column":2},"end":{"line":35,"column":13}},"14":{"start":{"line":39,"column":2},"end":{"line":39,"column":24}},"15":{"start":{"line":43,"column":11},"end":{"line":43,"column":25}}},"fnMap":{"0":{"name":"(anonymous_0)","decl":{"start":{"line":6,"column":1},"end":{"line":6,"column":2}},"loc":{"start":{"line":6,"column":15},"end":{"line":28,"column":2}},"line":6},"1":{"name":"(anonymous_1)","decl":{"start":{"line":21,"column":9},"end":{"line":21,"column":10}},"loc":{"start":{"line":21,"column":21},"end":{"line":24,"column":4}},"line":21},"2":{"name":"(anonymous_2)","decl":{"start":{"line":25,"column":10},"end":{"line":25,"column":11}},"loc":{"start":{"line":25,"column":19},"end":{"line":25,"column":67}},"line":25},"3":{"name":"(anonymous_3)","decl":{"start":{"line":30,"column":1},"end":{"line":30,"column":2}},"loc":{"start":{"line":30,"column":27},"end":{"line":36,"column":2}},"line":30},"4":{"name":"(anonymous_4)","decl":{"start":{"line":38,"column":1},"end":{"line":38,"column":2}},"loc":{"start":{"line":38,"column":15},"end":{"line":40,"column":2}},"line":38}},"branchMap":{"0":{"loc":{"start":{"line":7,"column":2},"end":{"line":9,"column":3}},"type":"if","locations":[{"start":{"line":7,"column":2},"end":{"line":9,"column":3}},{"start":{},"end":{}}],"line":7},"1":{"loc":{"start":{"line":13,"column":4},"end":{"line":13,"column":100}},"type":"cond-expr","locations":[{"start":{"line":13,"column":40},"end":{"line":13,"column":68}},{"start":{"line":13,"column":71},"end":{"line":13,"column":100}}],"line":13}},"s":{"0":2,"1":2,"2":0,"3":2,"4":2,"5":2,"6":2,"7":0,"8":2,"9":8,"10":8,"11":8,"12":8,"13":8,"14":2,"15":2},"f":{"0":2,"1":2,"2":0,"3":8,"4":2},"b":{"0":[0,2],"1":[2,0]},"inputSourceMap":null,"_coverageSchema":"1a1c01bbd47fc00a2c39e90264f33305004495a9","hash":"ce2784f9116536a9207cae0e2f3014568be1760a"}
}
