TN:
SF:src\app.js
FN:15,(anonymous_0)
FN:31,(anonymous_1)
FN:40,(anonymous_2)
FN:49,(anonymous_3)
FN:58,(anonymous_4)
FN:65,(anonymous_5)
FNF:6
FNH:4
FNDA:5,(anonymous_0)
FNDA:3,(anonymous_1)
FNDA:1,(anonymous_2)
FNDA:0,(anonymous_3)
FNDA:0,(anonymous_4)
FNDA:1,(anonymous_5)
DA:4,2
DA:6,2
DA:8,2
DA:9,2
DA:10,2
DA:11,2
DA:13,2
DA:15,2
DA:16,5
DA:18,5
DA:19,3
DA:24,2
DA:28,2
DA:32,3
DA:37,2
DA:41,1
DA:46,2
DA:50,0
DA:55,2
DA:59,0
DA:65,2
DA:66,1
LF:22
LH:20
BRDA:8,0,0,2
BRDA:8,0,1,2
BRDA:9,1,0,2
BRDA:9,1,1,2
BRDA:10,2,0,2
BRDA:10,2,1,2
BRDA:11,3,0,2
BRDA:11,3,1,2
BRDA:18,4,0,3
BRDA:18,4,1,2
BRF:10
BRH:10
end_of_record
TN:
SF:src\AuthenticationServer\authController.js
FN:3,registerUser
FN:23,loginUser
FN:43,logoutUser
FNF:3
FNH:3
FNDA:5,registerUser
FNDA:4,loginUser
FNDA:2,logoutUser
DA:4,5
DA:5,5
DA:6,5
DA:7,4
DA:8,1
DA:10,3
DA:16,3
DA:19,1
DA:24,4
DA:25,4
DA:26,4
DA:27,3
DA:28,1
DA:30,2
DA:36,2
DA:39,1
DA:44,2
DA:45,2
DA:47,2
DA:48,1
DA:50,1
DA:54,2
LF:22
LH:22
BRDA:7,0,0,1
BRDA:7,0,1,3
BRDA:27,1,0,1
BRDA:27,1,1,2
BRF:4
BRH:4
end_of_record
TN:
SF:src\AuthenticationServer\authRepository.js
FN:4,createUser
FN:13,(anonymous_1)
FN:16,(anonymous_2)
FN:21,getUserById
FN:24,(anonymous_4)
FN:27,(anonymous_5)
FN:32,getUserByUsername
FN:35,(anonymous_7)
FN:38,(anonymous_8)
FN:43,updateUserPreferences
FN:52,(anonymous_10)
FN:55,(anonymous_11)
FN:60,deleteUser
FN:63,(anonymous_13)
FN:66,(anonymous_14)
FN:71,getAllUsers
FN:74,(anonymous_16)
FN:77,(anonymous_17)
FN:82,userExists
FN:85,(anonymous_19)
FN:88,(anonymous_20)
FNF:21
FNH:21
FNDA:4,createUser
FNDA:3,(anonymous_1)
FNDA:1,(anonymous_2)
FNDA:3,getUserById
FNDA:2,(anonymous_4)
FNDA:1,(anonymous_5)
FNDA:4,getUserByUsername
FNDA:3,(anonymous_7)
FNDA:1,(anonymous_8)
FNDA:3,updateUserPreferences
FNDA:2,(anonymous_10)
FNDA:1,(anonymous_11)
FNDA:2,deleteUser
FNDA:1,(anonymous_13)
FNDA:1,(anonymous_14)
FNDA:3,getAllUsers
FNDA:2,(anonymous_16)
FNDA:1,(anonymous_17)
FNDA:5,userExists
FNDA:4,(anonymous_19)
FNDA:1,(anonymous_20)
DA:5,4
DA:6,4
DA:8,4
DA:14,3
DA:17,1
DA:22,3
DA:25,2
DA:28,1
DA:33,4
DA:36,3
DA:39,1
DA:44,3
DA:46,3
DA:53,2
DA:56,1
DA:61,2
DA:64,1
DA:67,1
DA:72,3
DA:75,2
DA:78,1
DA:83,5
DA:86,4
DA:89,1
DA:93,2
LF:25
LH:25
BRDA:25,0,0,2
BRDA:25,0,1,1
BRDA:36,1,0,3
BRDA:36,1,1,1
BRDA:53,2,0,2
BRDA:53,2,1,1
BRF:6
BRH:6
end_of_record
TN:
SF:src\AuthenticationServer\authRoute.js
FNF:0
FNH:0
DA:4,1
DA:5,1
DA:8,1
DA:9,1
DA:10,1
LF:5
LH:5
BRF:0
BRH:0
end_of_record
TN:
SF:src\AuthenticationServer\authService.js
FN:5,registerUser
FN:30,loginUser
FN:54,logoutUser
FNF:3
FNH:3
FNDA:6,registerUser
FNDA:6,loginUser
FNDA:4,logoutUser
DA:6,6
DA:7,6
DA:8,1
DA:10,5
DA:11,1
DA:13,4
DA:14,4
DA:15,4
DA:20,3
DA:24,3
DA:26,1
DA:31,6
DA:32,1
DA:35,5
DA:36,5
DA:37,4
DA:38,1
DA:40,3
DA:41,3
DA:42,1
DA:45,2
DA:48,2
DA:50,3
DA:55,4
DA:56,1
DA:58,3
DA:61,3
DA:62,2
DA:63,1
DA:65,1
DA:67,2
DA:71,2
LF:32
LH:32
BRDA:7,0,0,1
BRDA:7,0,1,5
BRDA:7,1,0,6
BRDA:7,1,1,5
BRDA:7,1,2,5
BRDA:10,2,0,1
BRDA:10,2,1,4
BRDA:31,3,0,1
BRDA:31,3,1,5
BRDA:31,4,0,6
BRDA:31,4,1,5
BRDA:37,5,0,1
BRDA:37,5,1,3
BRDA:41,6,0,1
BRDA:41,6,1,2
BRDA:55,7,0,1
BRDA:55,7,1,3
BRDA:62,8,0,1
BRDA:62,8,1,1
BRF:19
BRH:19
end_of_record
TN:
SF:src\DiscoveryServer\discoveryController.js
FN:3,getAllAnimals
FN:21,insertNewAnimal
FN:47,getMapSightings
FNF:3
FNH:2
FNDA:4,getAllAnimals
FNDA:3,insertNewAnimal
FNDA:0,getMapSightings
DA:4,4
DA:5,4
DA:7,3
DA:13,1
DA:14,1
DA:22,3
DA:23,3
DA:24,3
DA:26,3
DA:27,2
DA:28,1
DA:34,1
DA:39,1
DA:40,1
DA:48,0
DA:49,0
DA:55,0
DA:62,2
LF:18
LH:15
BRDA:27,0,0,1
BRDA:27,0,1,1
BRF:2
BRH:2
end_of_record
TN:
SF:src\DiscoveryServer\discoveryRepository.js
FN:136,getAllAnimals
FN:157,addNewBestiaryEntry
FNF:2
FNH:2
FNDA:4,getAllAnimals
FNDA:3,addNewBestiaryEntry
DA:5,2
DA:137,4
DA:138,4
DA:139,4
DA:140,3
DA:142,1
DA:145,1
DA:147,1
DA:158,3
DA:159,3
DA:160,3
DA:162,2
DA:164,2
DA:167,2
DA:169,1
DA:170,1
DA:172,1
DA:174,1
DA:175,1
DA:177,1
DA:179,2
DA:181,1
DA:182,1
DA:186,2
LF:24
LH:24
BRDA:167,0,0,1
BRDA:167,0,1,1
BRF:2
BRH:2
end_of_record
TN:
SF:src\DiscoveryServer\discoveryRoute.js
FNF:0
FNH:0
DA:5,1
DA:6,1
DA:7,1
DA:9,1
DA:11,1
DA:13,1
LF:6
LH:6
BRF:0
BRH:0
end_of_record
TN:
SF:src\DiscoveryServer\discoveryService.js
FN:3,getAllAnimals
FN:11,(anonymous_1)
FN:20,addNewAnimal
FNF:3
FNH:3
FNDA:4,getAllAnimals
FNDA:41,(anonymous_1)
FNDA:2,addNewAnimal
DA:4,4
DA:5,4
DA:11,41
DA:13,3
DA:15,1
DA:16,1
DA:21,2
DA:22,2
DA:24,1
DA:26,1
DA:27,1
DA:31,2
LF:12
LH:12
BRF:0
BRH:0
end_of_record
TN:
SF:src\db\imageStorage.js
FN:8,(anonymous_0)
FN:21,(anonymous_1)
FN:40,(anonymous_2)
FNF:3
FNH:1
FNDA:1,(anonymous_0)
FNDA:0,(anonymous_1)
FNDA:0,(anonymous_2)
DA:5,1
DA:9,1
DA:18,1
DA:22,0
DA:24,0
DA:31,0
DA:32,0
DA:33,0
DA:35,0
DA:36,0
DA:41,0
DA:47,0
DA:48,0
DA:49,0
DA:51,0
DA:52,0
DA:57,1
LF:17
LH:4
BRF:0
BRH:0
end_of_record
TN:
SF:src\db\index.js
FN:6,(anonymous_0)
FN:21,(anonymous_1)
FN:25,(anonymous_2)
FN:30,(anonymous_3)
FN:38,(anonymous_4)
FNF:5
FNH:4
FNDA:2,(anonymous_0)
FNDA:2,(anonymous_1)
FNDA:0,(anonymous_2)
FNDA:8,(anonymous_3)
FNDA:2,(anonymous_4)
DA:3,2
DA:7,2
DA:8,0
DA:11,2
DA:19,2
DA:22,2
DA:23,2
DA:25,0
DA:27,2
DA:31,8
DA:32,8
DA:33,8
DA:34,8
DA:35,8
DA:39,2
DA:43,2
LF:16
LH:14
BRDA:7,0,0,0
BRDA:7,0,1,2
BRDA:13,1,0,2
BRDA:13,1,1,0
BRF:4
BRH:2
end_of_record
