TN:
SF:src\app.js
FN:16,(anonymous_0)
FN:47,(anonymous_1)
FN:75,(anonymous_2)
FN:85,(anonymous_3)
FN:94,(anonymous_4)
FN:103,(anonymous_5)
FN:110,(anonymous_6)
FN:114,(anonymous_7)
FNF:8
FNH:5
FNDA:6,(anonymous_0)
FNDA:6,(anonymous_1)
FNDA:4,(anonymous_2)
FNDA:1,(anonymous_3)
FNDA:0,(anonymous_4)
FNDA:0,(anonymous_5)
FNDA:1,(anonymous_6)
FNDA:0,(anonymous_7)
DA:8,2
DA:10,2
DA:12,2
DA:14,2
DA:17,6
DA:19,0
DA:20,0
DA:23,0
DA:24,0
DA:27,0
DA:35,2
DA:38,2
DA:40,2
DA:41,2
DA:42,2
DA:43,2
DA:45,2
DA:47,2
DA:48,6
DA:51,6
DA:52,4
DA:58,2
DA:59,2
DA:61,2
DA:62,2
DA:63,2
DA:65,0
DA:68,2
DA:72,2
DA:76,4
DA:81,2
DA:86,1
DA:91,2
DA:95,0
DA:100,2
DA:104,0
DA:110,2
DA:111,1
DA:114,2
DA:115,0
DA:116,0
LF:41
LH:31
BRDA:17,0,0,6
BRDA:17,0,1,0
BRDA:19,1,0,0
BRDA:19,1,1,0
BRDA:19,2,0,0
BRDA:19,2,1,0
BRDA:23,3,0,0
BRDA:23,3,1,0
BRDA:40,4,0,2
BRDA:40,4,1,2
BRDA:41,5,0,2
BRDA:41,5,1,2
BRDA:42,6,0,2
BRDA:42,6,1,2
BRDA:43,7,0,2
BRDA:43,7,1,2
BRDA:51,8,0,4
BRDA:51,8,1,2
BRDA:59,9,0,0
BRDA:59,9,1,2
BRF:20
BRH:12
end_of_record
TN:
SF:src\AuthenticationServer\authController.js
FN:4,registerUser
FN:24,loginUser
FN:44,logoutUser
FN:55,checkLoginStatus
FNF:4
FNH:4
FNDA:5,registerUser
FNDA:4,loginUser
FNDA:2,logoutUser
FNDA:1,checkLoginStatus
DA:5,5
DA:6,5
DA:7,5
DA:8,4
DA:9,1
DA:11,3
DA:17,3
DA:20,1
DA:25,4
DA:26,4
DA:27,4
DA:28,3
DA:29,1
DA:31,2
DA:37,2
DA:39,1
DA:40,1
DA:45,2
DA:46,2
DA:48,2
DA:49,1
DA:51,1
DA:56,1
DA:59,1
DA:60,1
DA:61,0
DA:63,1
DA:64,1
DA:65,1
DA:67,0
DA:70,1
DA:71,1
DA:72,0
DA:75,1
DA:77,0
DA:81,2
LF:36
LH:32
BRDA:8,0,0,1
BRDA:8,0,1,3
BRDA:28,1,0,1
BRDA:28,1,1,2
BRDA:60,2,0,0
BRDA:60,2,1,1
BRDA:71,3,0,0
BRDA:71,3,1,1
BRF:8
BRH:6
end_of_record
TN:
SF:src\AuthenticationServer\authRepository.js
FN:4,createUser
FN:13,(anonymous_1)
FN:16,(anonymous_2)
FN:21,getUserById
FN:24,(anonymous_4)
FN:27,(anonymous_5)
FN:32,getUserByUsername
FN:35,(anonymous_7)
FN:38,(anonymous_8)
FN:43,updateUserPreferences
FN:52,(anonymous_10)
FN:55,(anonymous_11)
FN:60,deleteUser
FN:63,(anonymous_13)
FN:66,(anonymous_14)
FN:71,getAllUsers
FN:74,(anonymous_16)
FN:77,(anonymous_17)
FN:82,userExists
FN:85,(anonymous_19)
FN:88,(anonymous_20)
FNF:21
FNH:21
FNDA:4,createUser
FNDA:3,(anonymous_1)
FNDA:1,(anonymous_2)
FNDA:3,getUserById
FNDA:2,(anonymous_4)
FNDA:1,(anonymous_5)
FNDA:4,getUserByUsername
FNDA:3,(anonymous_7)
FNDA:1,(anonymous_8)
FNDA:3,updateUserPreferences
FNDA:2,(anonymous_10)
FNDA:1,(anonymous_11)
FNDA:2,deleteUser
FNDA:1,(anonymous_13)
FNDA:1,(anonymous_14)
FNDA:3,getAllUsers
FNDA:2,(anonymous_16)
FNDA:1,(anonymous_17)
FNDA:5,userExists
FNDA:4,(anonymous_19)
FNDA:1,(anonymous_20)
DA:5,4
DA:6,4
DA:8,4
DA:14,3
DA:17,1
DA:22,3
DA:25,2
DA:28,1
DA:33,4
DA:36,3
DA:39,1
DA:44,3
DA:46,3
DA:53,2
DA:56,1
DA:61,2
DA:64,1
DA:67,1
DA:72,3
DA:75,2
DA:78,1
DA:83,5
DA:86,4
DA:89,1
DA:93,2
LF:25
LH:25
BRDA:25,0,0,2
BRDA:25,0,1,1
BRDA:36,1,0,3
BRDA:36,1,1,1
BRDA:53,2,0,2
BRDA:53,2,1,1
BRF:6
BRH:6
end_of_record
TN:
SF:src\AuthenticationServer\authRoute.js
FNF:0
FNH:0
DA:5,1
DA:6,1
DA:7,1
DA:10,1
DA:11,1
DA:12,1
DA:13,1
LF:7
LH:7
BRF:0
BRH:0
end_of_record
TN:
SF:src\AuthenticationServer\authService.js
FN:5,registerUser
FN:30,loginUser
FN:54,logoutUser
FNF:3
FNH:3
FNDA:6,registerUser
FNDA:6,loginUser
FNDA:4,logoutUser
DA:6,6
DA:7,6
DA:8,1
DA:10,5
DA:11,1
DA:13,4
DA:14,4
DA:15,4
DA:20,3
DA:24,3
DA:26,1
DA:31,6
DA:32,1
DA:35,5
DA:36,5
DA:37,4
DA:38,1
DA:40,3
DA:41,3
DA:42,1
DA:45,2
DA:48,2
DA:50,3
DA:55,4
DA:56,1
DA:58,3
DA:61,3
DA:62,2
DA:63,1
DA:65,1
DA:67,2
DA:71,2
LF:32
LH:32
BRDA:7,0,0,1
BRDA:7,0,1,5
BRDA:7,1,0,6
BRDA:7,1,1,5
BRDA:7,1,2,5
BRDA:10,2,0,1
BRDA:10,2,1,4
BRDA:31,3,0,1
BRDA:31,3,1,5
BRDA:31,4,0,6
BRDA:31,4,1,5
BRDA:37,5,0,1
BRDA:37,5,1,3
BRDA:41,6,0,1
BRDA:41,6,1,2
BRDA:55,7,0,1
BRDA:55,7,1,3
BRDA:62,8,0,1
BRDA:62,8,1,1
BRF:19
BRH:19
end_of_record
TN:
SF:src\DiscoveryServer\discoveryController.js
FN:3,getAllAnimals
FN:21,insertNewAnimal
FN:53,getMapSightings
FN:72,followAnimal
FNF:4
FNH:2
FNDA:4,getAllAnimals
FNDA:4,insertNewAnimal
FNDA:0,getMapSightings
FNDA:0,followAnimal
DA:4,4
DA:5,4
DA:7,3
DA:13,1
DA:14,1
DA:22,4
DA:23,4
DA:24,0
DA:26,4
DA:27,1
DA:29,3
DA:30,3
DA:32,3
DA:33,2
DA:34,1
DA:40,1
DA:45,1
DA:46,1
DA:54,0
DA:55,0
DA:57,0
DA:59,0
DA:60,0
DA:63,0
DA:65,0
DA:73,0
DA:74,0
DA:75,0
DA:77,0
DA:79,0
DA:80,0
DA:83,0
DA:85,0
DA:89,2
LF:34
LH:18
BRDA:23,0,0,0
BRDA:23,0,1,4
BRDA:26,1,0,1
BRDA:26,1,1,3
BRDA:30,2,0,3
BRDA:30,2,1,0
BRDA:30,3,0,3
BRDA:30,3,1,0
BRDA:33,4,0,1
BRDA:33,4,1,1
BRDA:59,5,0,0
BRDA:59,5,1,0
BRDA:59,6,0,0
BRDA:59,6,1,0
BRDA:79,7,0,0
BRDA:79,7,1,0
BRF:16
BRH:7
end_of_record
TN:
SF:src\DiscoveryServer\discoveryRepository.js
FN:136,getAllAnimals
FN:151,fetchAnimalImage
FN:167,addNewBestiaryEntry
FN:211,fetchDiscoveries
FN:246,followAnimal
FNF:5
FNH:3
FNDA:4,getAllAnimals
FNDA:39,fetchAnimalImage
FNDA:3,addNewBestiaryEntry
FNDA:0,fetchDiscoveries
FNDA:0,followAnimal
DA:5,2
DA:137,4
DA:138,4
DA:139,4
DA:140,3
DA:142,1
DA:145,1
DA:147,1
DA:152,39
DA:153,39
DA:154,39
DA:156,0
DA:157,0
DA:168,3
DA:169,3
DA:170,3
DA:172,2
DA:174,2
DA:177,2
DA:179,1
DA:180,1
DA:182,1
DA:184,1
DA:185,1
DA:187,1
DA:189,2
DA:191,1
DA:192,1
DA:212,0
DA:213,0
DA:237,0
DA:239,0
DA:241,0
DA:242,0
DA:247,0
DA:248,0
DA:250,0
DA:252,0
DA:254,0
DA:255,0
DA:259,2
LF:41
LH:27
BRDA:177,0,0,1
BRDA:177,0,1,1
BRF:2
BRH:2
end_of_record
TN:
SF:src\DiscoveryServer\discoveryRoute.js
FNF:0
FNH:0
DA:5,1
DA:6,1
DA:8,1
DA:10,1
DA:12,1
DA:14,1
LF:6
LH:6
BRF:0
BRH:0
end_of_record
TN:
SF:src\DiscoveryServer\discoveryService.js
FN:3,getAllAnimals
FN:11,(anonymous_1)
FN:25,addNewAnimal
FN:36,fetchDiscoveries
FN:51,followAnimal
FNF:5
FNH:3
FNDA:4,getAllAnimals
FNDA:41,(anonymous_1)
FNDA:2,addNewAnimal
FNDA:0,fetchDiscoveries
FNDA:0,followAnimal
DA:4,4
DA:5,4
DA:11,41
DA:14,3
DA:15,42
DA:18,3
DA:20,1
DA:21,1
DA:26,2
DA:27,2
DA:29,1
DA:31,1
DA:32,1
DA:37,0
DA:38,0
DA:39,0
DA:40,0
DA:41,0
DA:44,0
DA:46,0
DA:47,0
DA:52,0
DA:53,0
DA:55,0
DA:57,0
DA:58,0
DA:62,2
LF:27
LH:14
BRDA:39,0,0,0
BRDA:39,0,1,0
BRDA:46,1,0,0
BRDA:46,1,1,0
BRDA:57,2,0,0
BRDA:57,2,1,0
BRF:6
BRH:0
end_of_record
TN:
SF:src\db\imageStorage.js
FN:8,(anonymous_0)
FN:21,(anonymous_1)
FN:40,(anonymous_2)
FNF:3
FNH:2
FNDA:1,(anonymous_0)
FNDA:0,(anonymous_1)
FNDA:39,(anonymous_2)
DA:5,1
DA:9,1
DA:18,1
DA:22,0
DA:24,0
DA:31,0
DA:32,0
DA:33,0
DA:35,0
DA:36,0
DA:41,39
DA:47,39
DA:48,39
DA:49,39
DA:51,0
DA:52,0
DA:57,1
LF:17
LH:8
BRF:0
BRH:0
end_of_record
TN:
SF:src\db\index.js
FN:6,(anonymous_0)
FN:21,(anonymous_1)
FN:25,(anonymous_2)
FN:30,(anonymous_3)
FN:38,(anonymous_4)
FNF:5
FNH:4
FNDA:2,(anonymous_0)
FNDA:2,(anonymous_1)
FNDA:0,(anonymous_2)
FNDA:10,(anonymous_3)
FNDA:2,(anonymous_4)
DA:3,2
DA:7,2
DA:8,0
DA:11,2
DA:19,2
DA:22,2
DA:23,2
DA:25,0
DA:27,2
DA:31,10
DA:32,10
DA:33,10
DA:34,10
DA:35,10
DA:39,2
DA:43,2
LF:16
LH:14
BRDA:7,0,0,0
BRDA:7,0,1,2
BRDA:13,1,0,2
BRDA:13,1,1,0
BRF:4
BRH:2
end_of_record
